=== MRI Daily Pipeline — Wed Mar  4 12:07:07 UTC 2026 ===
[1/5] Ingesting today's market data...
/home/edwar/mri-int/venv/lib/python3.12/site-packages/requests/__init__.py:109: RequestsDependencyWarning: urllib3 (2.6.3) or chardet (6.0.0.post1)/charset_normalizer (3.4.4) doesn't match a supported version!
  warnings.warn(
INFO:src.data_loader:Loading index data...
INFO:src.data_loader:  Loaded 4527 rows for NIFTY50
INFO:src.data_loader:  Loaded 4495 rows for NIFTYMID
ERROR:yfinance:$^CNXSC: possibly delisted; no price data found  (1d 2005-01-01 -> 2026-03-02)
ERROR:yfinance:
1 Failed download:
ERROR:yfinance:['^CNXSC']: possibly delisted; no price data found  (1d 2005-01-01 -> 2026-03-02)
WARNING:src.data_loader:No data for index NIFTYSMALL
INFO:src.data_loader:Index data load complete.
INFO:src.data_loader:Loading stock data for 50 symbols...
Loading stocks:   0%|          | 0/1 [00:00<?, ?it/s]Loading stocks: 100%|██████████| 1/1 [03:22<00:00, 202.55s/it]Loading stocks: 100%|██████████| 1/1 [03:22<00:00, 202.55s/it]
INFO:src.data_loader:Stock data load complete. Failed: 0 symbols.
[2/5] Running Indicator Engine...
/home/edwar/mri-int/src/indicator_engine.py:1: DeprecationWarning: 
Pyarrow will become a required dependency of pandas in the next major release of pandas (pandas 3.0),
(to allow more performant data types, such as the Arrow string type, and better interoperability with other libraries)
but was not found to be installed on your system.
If this would cause problems for you,
please provide us feedback at https://github.com/pandas-dev/pandas/issues/54466
        
  import pandas as pd
INFO:__main__:Indicator columns added/verified in daily_prices.
INFO:__main__:Fetching daily prices (this may take a minute for 1.6M rows)...
/home/edwar/mri-int/src/indicator_engine.py:36: UserWarning: pandas only supports SQLAlchemy connectable (engine/connection) or database string URI or sqlite3 DBAPI2 connection. Other DBAPI2 objects are not tested. Please consider using SQLAlchemy.
  df = pd.read_sql("SELECT id, symbol, date, high, close, volume FROM daily_prices ORDER BY symbol, date", conn)
INFO:__main__:Fetching index prices for Relative Strength...
/home/edwar/mri-int/src/indicator_engine.py:39: UserWarning: pandas only supports SQLAlchemy connectable (engine/connection) or database string URI or sqlite3 DBAPI2 connection. Other DBAPI2 objects are not tested. Please consider using SQLAlchemy.
  idx_df = pd.read_sql("SELECT date, close as index_close FROM index_prices WHERE symbol = 'NIFTY50' ORDER BY date", conn)
INFO:__main__:Computing indicators...
INFO:__main__:Calculating EMAs and Rolling values per stock...
/home/edwar/mri-int/src/indicator_engine.py:73: FutureWarning: A value is trying to be set on a copy of a DataFrame or Series through chained assignment using an inplace method.
The behavior will change in pandas 3.0. This inplace method will never work because the intermediate object on which we are setting values always behaves as a copy.

For example, when doing 'df[col].method(value, inplace=True)', try using 'df.method({col: value}, inplace=True)' or df[col] = df[col].method(value) instead, to perform the operation inplace on the original object.


  df['ema_200'].replace(0, np.nan, inplace=True) # Exclude extreme anomalies if any
INFO:__main__:Calculating 20-day regression slope of 200 EMA...
INFO:__main__:Updating database with calculated indicators for 1699118 rows...
