Removed module.rds.aws_db_instance.main
Successfully removed 1 resource instance(s).
Removed module.rds.aws_db_subnet_group.main
Successfully removed 1 resource instance(s).
Removed module.rds.aws_secretsmanager_secret.db
Successfully removed 1 resource instance(s).
Removed module.rds.aws_secretsmanager_secret_version.db
Successfully removed 1 resource instance(s).
Removed module.rds.random_password.db
Successfully removed 1 resource instance(s).
[0m[1mmodule.vpc.data.aws_availability_zones.available: Reading...[0m[0m
[0m[1mdata.aws_caller_identity.current: Reading...[0m[0m
[0m[1mmodule.vpc.data.aws_ami.amazon_linux: Reading...[0m[0m
[0m[1mmodule.frontend.aws_cloudfront_origin_access_control.frontend: Refreshing state... [id=EJ4T8A0QJK54X][0m
[0m[1mmodule.iam.aws_iam_role.ecs_task_execution: Refreshing state... [id=mri-dev-ecs-execution-role][0m
[0m[1mmodule.vpc.aws_vpc.main: Refreshing state... [id=vpc-00fe799c6d993f6a3][0m
[0m[1mmodule.vpc.aws_iam_role.bastion_ssm: Refreshing state... [id=mri-dev-bastion-ssm-role][0m
[0m[1mmodule.iam.aws_iam_role.ecs_task: Refreshing state... [id=mri-dev-ecs-task-role][0m
[0m[1mmodule.vpc.data.aws_availability_zones.available: Read complete after 0s [id=ap-south-1][0m
[0m[1mdata.aws_caller_identity.current: Read complete after 0s [id=251876202726][0m
[0m[1mmodule.frontend.aws_s3_bucket.frontend: Refreshing state... [id=mri-dev-frontend-251876202726][0m
[0m[1mmodule.s3.aws_s3_bucket.outputs: Refreshing state... [id=mri-dev-outputs-251876202726][0m
[0m[1mmodule.vpc.data.aws_ami.amazon_linux: Read complete after 0s [id=ami-0e267a9919cdf778f][0m
[0m[1mmodule.vpc.aws_security_group.app: Refreshing state... [id=sg-04c2d48049788025f][0m
[0m[1mmodule.vpc.aws_internet_gateway.main: Refreshing state... [id=igw-06e7788c4fafba710][0m
[0m[1mmodule.vpc.aws_subnet.private[0]: Refreshing state... [id=subnet-0e3610095698903e8][0m
[0m[1mmodule.vpc.aws_security_group.bastion: Refreshing state... [id=sg-09c4cf94fa2f240b9][0m
[0m[1mmodule.vpc.aws_subnet.public[0]: Refreshing state... [id=subnet-0b25d886295b2c171][0m
[0m[1mmodule.vpc.aws_subnet.private[1]: Refreshing state... [id=subnet-075875cad1bd04dae][0m
[0m[1mmodule.vpc.aws_subnet.public[1]: Refreshing state... [id=subnet-01d402a479d5fc968][0m
[0m[1mmodule.s3.aws_s3_bucket_versioning.outputs: Refreshing state... [id=mri-dev-outputs-251876202726][0m
[0m[1mmodule.s3.aws_s3_bucket_server_side_encryption_configuration.outputs: Refreshing state... [id=mri-dev-outputs-251876202726][0m
[0m[1mmodule.s3.aws_s3_bucket_public_access_block.outputs: Refreshing state... [id=mri-dev-outputs-251876202726][0m
[0m[1mmodule.vpc.aws_route_table.public: Refreshing state... [id=rtb-02ba9e1891754b832][0m
[0m[1mmodule.vpc.aws_route_table.private: Refreshing state... [id=rtb-0e56c70842b84e77b][0m
[0m[1mmodule.vpc.aws_security_group.rds: Refreshing state... [id=sg-0f48da95ecf299941][0m
[0m[1mmodule.vpc.aws_route_table_association.public[0]: Refreshing state... [id=rtbassoc-03faf031e6b3d622b][0m
[0m[1mmodule.vpc.aws_route_table_association.public[1]: Refreshing state... [id=rtbassoc-05a51c99d9ee1e61d][0m
[0m[1mmodule.vpc.aws_route_table_association.private[1]: Refreshing state... [id=rtbassoc-03e79901029a3bd01][0m
[0m[1mmodule.vpc.aws_route_table_association.private[0]: Refreshing state... [id=rtbassoc-02561bf889391df22][0m
[0m[1mmodule.vpc.aws_iam_instance_profile.bastion: Refreshing state... [id=mri-dev-bastion-profile][0m
[0m[1mmodule.vpc.aws_iam_role_policy_attachment.bastion_ssm: Refreshing state... [id=mri-dev-bastion-ssm-role-20260309125400904100000003][0m
[0m[1mmodule.iam.aws_iam_role_policy.execution_secrets: Refreshing state... [id=mri-dev-ecs-execution-role:mri-dev-execution-secrets-policy][0m
[0m[1mmodule.iam.aws_iam_role_policy_attachment.ecs_execution: Refreshing state... [id=mri-dev-ecs-execution-role-20260309125400532900000002][0m
[0m[1mmodule.vpc.aws_instance.bastion: Refreshing state... [id=i-07fdabe814c478766][0m
[0m[1mmodule.frontend.aws_s3_bucket_public_access_block.frontend: Refreshing state... [id=mri-dev-frontend-251876202726][0m
[0m[1mmodule.frontend.aws_cloudfront_distribution.frontend: Refreshing state... [id=E3C32LHJDK5NA4][0m
[0m[1mmodule.iam.aws_iam_role_policy.ecs_task_secrets: Refreshing state... [id=mri-dev-ecs-task-role:mri-dev-secrets-policy][0m
[0m[1mmodule.iam.aws_iam_role_policy.ecs_task_ses: Refreshing state... [id=mri-dev-ecs-task-role:mri-dev-ses-policy][0m
[0m[1mmodule.iam.aws_iam_role_policy.ecs_task_s3: Refreshing state... [id=mri-dev-ecs-task-role:mri-dev-s3-policy][0m
[0m[1mmodule.iam.aws_iam_role_policy.ecs_task_cloudwatch: Refreshing state... [id=mri-dev-ecs-task-role:mri-dev-cloudwatch-policy][0m
[0m[1mmodule.frontend.aws_s3_bucket_policy.frontend: Refreshing state... [id=mri-dev-frontend-251876202726][0m

Terraform used the selected providers to generate the following execution
plan. Resource actions are indicated with the following symbols:
  [31m-[0m destroy[0m

Terraform will perform the following actions:

[1m  # module.frontend.aws_cloudfront_distribution.frontend[0m will be [1m[31mdestroyed[0m
[0m  [31m-[0m[0m resource "aws_cloudfront_distribution" "frontend" {
      [31m-[0m[0m aliases                         = [] [90m-> null[0m[0m
      [31m-[0m[0m arn                             = "arn:aws:cloudfront::251876202726:distribution/E3C32LHJDK5NA4" [90m-> null[0m[0m
      [31m-[0m[0m caller_reference                = "terraform-20260309125409285800000006" [90m-> null[0m[0m
      [31m-[0m[0m comment                         = "MRI Signal Platform Frontend" [90m-> null[0m[0m
      [31m-[0m[0m default_root_object             = "index.html" [90m-> null[0m[0m
      [31m-[0m[0m domain_name                     = "d25tdygicgbojg.cloudfront.net" [90m-> null[0m[0m
      [31m-[0m[0m enabled                         = true [90m-> null[0m[0m
      [31m-[0m[0m etag                            = "E23ZP02F085DFQ" [90m-> null[0m[0m
      [31m-[0m[0m hosted_zone_id                  = "Z2FDTNDATAQYW2" [90m-> null[0m[0m
      [31m-[0m[0m http_version                    = "http2" [90m-> null[0m[0m
      [31m-[0m[0m id                              = "E3C32LHJDK5NA4" [90m-> null[0m[0m
      [31m-[0m[0m in_progress_validation_batches  = 0 [90m-> null[0m[0m
      [31m-[0m[0m is_ipv6_enabled                 = false [90m-> null[0m[0m
      [31m-[0m[0m last_modified_time              = "2026-03-09 12:54:10.517 +0000 UTC" [90m-> null[0m[0m
      [31m-[0m[0m price_class                     = "PriceClass_200" [90m-> null[0m[0m
      [31m-[0m[0m retain_on_delete                = false [90m-> null[0m[0m
      [31m-[0m[0m staging                         = false [90m-> null[0m[0m
      [31m-[0m[0m status                          = "Deployed" [90m-> null[0m[0m
      [31m-[0m[0m tags                            = {
          [31m-[0m[0m "Environment" = "dev"
          [31m-[0m[0m "ManagedBy"   = "terraform"
          [31m-[0m[0m "Owner"       = "edwardjsi"
          [31m-[0m[0m "Project"     = "mri"
        } [90m-> null[0m[0m
      [31m-[0m[0m tags_all                        = {
          [31m-[0m[0m "Environment" = "dev"
          [31m-[0m[0m "ManagedBy"   = "terraform"
          [31m-[0m[0m "Owner"       = "edwardjsi"
          [31m-[0m[0m "Project"     = "mri"
        } [90m-> null[0m[0m
      [31m-[0m[0m trusted_key_groups              = [
          [31m-[0m[0m {
              [31m-[0m[0m enabled = false
              [31m-[0m[0m items   = []
            },
        ] [90m-> null[0m[0m
      [31m-[0m[0m trusted_signers                 = [
          [31m-[0m[0m {
              [31m-[0m[0m enabled = false
              [31m-[0m[0m items   = []
            },
        ] [90m-> null[0m[0m
      [31m-[0m[0m wait_for_deployment             = true [90m-> null[0m[0m
        [90m# (2 unchanged attributes hidden)[0m[0m

      [31m-[0m[0m custom_error_response {
          [31m-[0m[0m error_caching_min_ttl = 10 [90m-> null[0m[0m
          [31m-[0m[0m error_code            = 403 [90m-> null[0m[0m
          [31m-[0m[0m response_code         = 200 [90m-> null[0m[0m
          [31m-[0m[0m response_page_path    = "/index.html" [90m-> null[0m[0m
        }
      [31m-[0m[0m custom_error_response {
          [31m-[0m[0m error_caching_min_ttl = 10 [90m-> null[0m[0m
          [31m-[0m[0m error_code            = 404 [90m-> null[0m[0m
          [31m-[0m[0m response_code         = 200 [90m-> null[0m[0m
          [31m-[0m[0m response_page_path    = "/index.html" [90m-> null[0m[0m
        }

      [31m-[0m[0m default_cache_behavior {
          [31m-[0m[0m allowed_methods            = [
              [31m-[0m[0m "GET",
              [31m-[0m[0m "HEAD",
              [31m-[0m[0m "OPTIONS",
            ] [90m-> null[0m[0m
          [31m-[0m[0m cached_methods             = [
              [31m-[0m[0m "GET",
              [31m-[0m[0m "HEAD",
            ] [90m-> null[0m[0m
          [31m-[0m[0m compress                   = false [90m-> null[0m[0m
          [31m-[0m[0m default_ttl                = 3600 [90m-> null[0m[0m
          [31m-[0m[0m max_ttl                    = 86400 [90m-> null[0m[0m
          [31m-[0m[0m min_ttl                    = 0 [90m-> null[0m[0m
          [31m-[0m[0m smooth_streaming           = false [90m-> null[0m[0m
          [31m-[0m[0m target_origin_id           = "s3-frontend" [90m-> null[0m[0m
          [31m-[0m[0m trusted_key_groups         = [] [90m-> null[0m[0m
          [31m-[0m[0m trusted_signers            = [] [90m-> null[0m[0m
          [31m-[0m[0m viewer_protocol_policy     = "allow-all" [90m-> null[0m[0m
            [90m# (5 unchanged attributes hidden)[0m[0m

          [31m-[0m[0m forwarded_values {
              [31m-[0m[0m headers                 = [] [90m-> null[0m[0m
              [31m-[0m[0m query_string            = false [90m-> null[0m[0m
              [31m-[0m[0m query_string_cache_keys = [] [90m-> null[0m[0m

              [31m-[0m[0m cookies {
                  [31m-[0m[0m forward           = "none" [90m-> null[0m[0m
                  [31m-[0m[0m whitelisted_names = [] [90m-> null[0m[0m
                }
            }

          [31m-[0m[0m grpc_config {
              [31m-[0m[0m enabled = false [90m-> null[0m[0m
            }
        }

      [31m-[0m[0m ordered_cache_behavior {
          [31m-[0m[0m allowed_methods            = [
              [31m-[0m[0m "DELETE",
              [31m-[0m[0m "GET",
              [31m-[0m[0m "HEAD",
              [31m-[0m[0m "OPTIONS",
              [31m-[0m[0m "PATCH",
              [31m-[0m[0m "POST",
              [31m-[0m[0m "PUT",
            ] [90m-> null[0m[0m
          [31m-[0m[0m cached_methods             = [
              [31m-[0m[0m "GET",
              [31m-[0m[0m "HEAD",
            ] [90m-> null[0m[0m
          [31m-[0m[0m compress                   = false [90m-> null[0m[0m
          [31m-[0m[0m default_ttl                = 0 [90m-> null[0m[0m
          [31m-[0m[0m max_ttl                    = 0 [90m-> null[0m[0m
          [31m-[0m[0m min_ttl                    = 0 [90m-> null[0m[0m
          [31m-[0m[0m path_pattern               = "/api/*" [90m-> null[0m[0m
          [31m-[0m[0m smooth_streaming           = false [90m-> null[0m[0m
          [31m-[0m[0m target_origin_id           = "alb-api" [90m-> null[0m[0m
          [31m-[0m[0m trusted_key_groups         = [] [90m-> null[0m[0m
          [31m-[0m[0m trusted_signers            = [] [90m-> null[0m[0m
          [31m-[0m[0m viewer_protocol_policy     = "allow-all" [90m-> null[0m[0m
            [90m# (5 unchanged attributes hidden)[0m[0m

          [31m-[0m[0m forwarded_values {
              [31m-[0m[0m headers                 = [
                  [31m-[0m[0m "Authorization",
                  [31m-[0m[0m "Content-Type",
                  [31m-[0m[0m "Origin",
                ] [90m-> null[0m[0m
              [31m-[0m[0m query_string            = true [90m-> null[0m[0m
              [31m-[0m[0m query_string_cache_keys = [] [90m-> null[0m[0m

              [31m-[0m[0m cookies {
                  [31m-[0m[0m forward           = "all" [90m-> null[0m[0m
                  [31m-[0m[0m whitelisted_names = [] [90m-> null[0m[0m
                }
            }

          [31m-[0m[0m grpc_config {
              [31m-[0m[0m enabled = false [90m-> null[0m[0m
            }
        }

      [31m-[0m[0m origin {
          [31m-[0m[0m connection_attempts      = 3 [90m-> null[0m[0m
          [31m-[0m[0m connection_timeout       = 10 [90m-> null[0m[0m
          [31m-[0m[0m domain_name              = "dummy.example.com" [90m-> null[0m[0m
          [31m-[0m[0m origin_id                = "alb-api" [90m-> null[0m[0m
            [90m# (2 unchanged attributes hidden)[0m[0m

          [31m-[0m[0m custom_origin_config {
              [31m-[0m[0m http_port                = 80 [90m-> null[0m[0m
              [31m-[0m[0m https_port               = 443 [90m-> null[0m[0m
              [31m-[0m[0m origin_keepalive_timeout = 5 [90m-> null[0m[0m
              [31m-[0m[0m origin_protocol_policy   = "http-only" [90m-> null[0m[0m
              [31m-[0m[0m origin_read_timeout      = 30 [90m-> null[0m[0m
              [31m-[0m[0m origin_ssl_protocols     = [
                  [31m-[0m[0m "TLSv1.2",
                ] [90m-> null[0m[0m
            }
        }
      [31m-[0m[0m origin {
          [31m-[0m[0m connection_attempts      = 3 [90m-> null[0m[0m
          [31m-[0m[0m connection_timeout       = 10 [90m-> null[0m[0m
          [31m-[0m[0m domain_name              = "mri-dev-frontend-251876202726.s3.ap-south-1.amazonaws.com" [90m-> null[0m[0m
          [31m-[0m[0m origin_access_control_id = "EJ4T8A0QJK54X" [90m-> null[0m[0m
          [31m-[0m[0m origin_id                = "s3-frontend" [90m-> null[0m[0m
            [90m# (1 unchanged attribute hidden)[0m[0m
        }

      [31m-[0m[0m restrictions {
          [31m-[0m[0m geo_restriction {
              [31m-[0m[0m locations        = [] [90m-> null[0m[0m
              [31m-[0m[0m restriction_type = "none" [90m-> null[0m[0m
            }
        }

      [31m-[0m[0m viewer_certificate {
          [31m-[0m[0m cloudfront_default_certificate = true [90m-> null[0m[0m
          [31m-[0m[0m minimum_protocol_version       = "TLSv1" [90m-> null[0m[0m
            [90m# (3 unchanged attributes hidden)[0m[0m
        }
    }

[1m  # module.frontend.aws_cloudfront_origin_access_control.frontend[0m will be [1m[31mdestroyed[0m
[0m  [31m-[0m[0m resource "aws_cloudfront_origin_access_control" "frontend" {
      [31m-[0m[0m arn                               = "arn:aws:cloudfront::251876202726:origin-access-control/EJ4T8A0QJK54X" [90m-> null[0m[0m
      [31m-[0m[0m description                       = "Managed by Terraform" [90m-> null[0m[0m
      [31m-[0m[0m etag                              = "ETVPDKIKX0DER" [90m-> null[0m[0m
      [31m-[0m[0m id                                = "EJ4T8A0QJK54X" [90m-> null[0m[0m
      [31m-[0m[0m name                              = "mri-dev-frontend-oac" [90m-> null[0m[0m
      [31m-[0m[0m origin_access_control_origin_type = "s3" [90m-> null[0m[0m
      [31m-[0m[0m signing_behavior                  = "always" [90m-> null[0m[0m
      [31m-[0m[0m signing_protocol                  = "sigv4" [90m-> null[0m[0m
    }

[1m  # module.frontend.aws_s3_bucket.frontend[0m will be [1m[31mdestroyed[0m
[0m  [31m-[0m[0m resource "aws_s3_bucket" "frontend" {
      [31m-[0m[0m arn                         = "arn:aws:s3:::mri-dev-frontend-251876202726" [90m-> null[0m[0m
      [31m-[0m[0m bucket                      = "mri-dev-frontend-251876202726" [90m-> null[0m[0m
      [31m-[0m[0m bucket_domain_name          = "mri-dev-frontend-251876202726.s3.amazonaws.com" [90m-> null[0m[0m
      [31m-[0m[0m bucket_regional_domain_name = "mri-dev-frontend-251876202726.s3.ap-south-1.amazonaws.com" [90m-> null[0m[0m
      [31m-[0m[0m force_destroy               = true [90m-> null[0m[0m
      [31m-[0m[0m hosted_zone_id              = "Z11RGJOFQNVJUP" [90m-> null[0m[0m
      [31m-[0m[0m id                          = "mri-dev-frontend-251876202726" [90m-> null[0m[0m
      [31m-[0m[0m object_lock_enabled         = false [90m-> null[0m[0m
      [31m-[0m[0m policy                      = jsonencode(
            {
              [31m-[0m[0m Statement = [
                  [31m-[0m[0m {
                      [31m-[0m[0m Action    = "s3:GetObject"
                      [31m-[0m[0m Condition = {
                          [31m-[0m[0m StringEquals = {
                              [31m-[0m[0m "AWS:SourceArn" = "arn:aws:cloudfront::251876202726:distribution/E3C32LHJDK5NA4"
                            }
                        }
                      [31m-[0m[0m Effect    = "Allow"
                      [31m-[0m[0m Principal = {
                          [31m-[0m[0m Service = "cloudfront.amazonaws.com"
                        }
                      [31m-[0m[0m Resource  = "arn:aws:s3:::mri-dev-frontend-251876202726/*"
                      [31m-[0m[0m Sid       = "AllowCloudFrontServicePrincipal"
                    },
                ]
              [31m-[0m[0m Version   = "2012-10-17"
            }
        ) [90m-> null[0m[0m
      [31m-[0m[0m region                      = "ap-south-1" [90m-> null[0m[0m
      [31m-[0m[0m request_payer               = "BucketOwner" [90m-> null[0m[0m
      [31m-[0m[0m tags                        = {
          [31m-[0m[0m "Environment" = "dev"
          [31m-[0m[0m "ManagedBy"   = "terraform"
          [31m-[0m[0m "Owner"       = "edwardjsi"
          [31m-[0m[0m "Project"     = "mri"
        } [90m-> null[0m[0m
      [31m-[0m[0m tags_all                    = {
          [31m-[0m[0m "Environment" = "dev"
          [31m-[0m[0m "ManagedBy"   = "terraform"
          [31m-[0m[0m "Owner"       = "edwardjsi"
          [31m-[0m[0m "Project"     = "mri"
        } [90m-> null[0m[0m
        [90m# (2 unchanged attributes hidden)[0m[0m

      [31m-[0m[0m grant {
          [31m-[0m[0m id          = "81dccb5aca9b2e419a611ba9a4202becd8a46a89ba1d0f7bcf3c2cd558d5eb21" [90m-> null[0m[0m
          [31m-[0m[0m permissions = [
              [31m-[0m[0m "FULL_CONTROL",
            ] [90m-> null[0m[0m
          [31m-[0m[0m type        = "CanonicalUser" [90m-> null[0m[0m
            [90m# (1 unchanged attribute hidden)[0m[0m
        }

      [31m-[0m[0m server_side_encryption_configuration {
          [31m-[0m[0m rule {
              [31m-[0m[0m bucket_key_enabled = false [90m-> null[0m[0m

              [31m-[0m[0m apply_server_side_encryption_by_default {
                  [31m-[0m[0m sse_algorithm     = "AES256" [90m-> null[0m[0m
                    [90m# (1 unchanged attribute hidden)[0m[0m
                }
            }
        }

      [31m-[0m[0m versioning {
          [31m-[0m[0m enabled    = false [90m-> null[0m[0m
          [31m-[0m[0m mfa_delete = false [90m-> null[0m[0m
        }
    }

[1m  # module.frontend.aws_s3_bucket_policy.frontend[0m will be [1m[31mdestroyed[0m
[0m  [31m-[0m[0m resource "aws_s3_bucket_policy" "frontend" {
      [31m-[0m[0m bucket = "mri-dev-frontend-251876202726" [90m-> null[0m[0m
      [31m-[0m[0m id     = "mri-dev-frontend-251876202726" [90m-> null[0m[0m
      [31m-[0m[0m policy = jsonencode(
            {
              [31m-[0m[0m Statement = [
                  [31m-[0m[0m {
                      [31m-[0m[0m Action    = "s3:GetObject"
                      [31m-[0m[0m Condition = {
                          [31m-[0m[0m StringEquals = {
                              [31m-[0m[0m "AWS:SourceArn" = "arn:aws:cloudfront::251876202726:distribution/E3C32LHJDK5NA4"
                            }
                        }
                      [31m-[0m[0m Effect    = "Allow"
                      [31m-[0m[0m Principal = {
                          [31m-[0m[0m Service = "cloudfront.amazonaws.com"
                        }
                      [31m-[0m[0m Resource  = "arn:aws:s3:::mri-dev-frontend-251876202726/*"
                      [31m-[0m[0m Sid       = "AllowCloudFrontServicePrincipal"
                    },
                ]
              [31m-[0m[0m Version   = "2012-10-17"
            }
        ) [90m-> null[0m[0m
    }

[1m  # module.frontend.aws_s3_bucket_public_access_block.frontend[0m will be [1m[31mdestroyed[0m
[0m  [31m-[0m[0m resource "aws_s3_bucket_public_access_block" "frontend" {
      [31m-[0m[0m block_public_acls       = true [90m-> null[0m[0m
      [31m-[0m[0m block_public_policy     = true [90m-> null[0m[0m
      [31m-[0m[0m bucket                  = "mri-dev-frontend-251876202726" [90m-> null[0m[0m
      [31m-[0m[0m id                      = "mri-dev-frontend-251876202726" [90m-> null[0m[0m
      [31m-[0m[0m ignore_public_acls      = true [90m-> null[0m[0m
      [31m-[0m[0m restrict_public_buckets = true [90m-> null[0m[0m
    }

[1m  # module.iam.aws_iam_role.ecs_task[0m will be [1m[31mdestroyed[0m
[0m  [31m-[0m[0m resource "aws_iam_role" "ecs_task" {
      [31m-[0m[0m arn                   = "arn:aws:iam::251876202726:role/mri-dev-ecs-task-role" [90m-> null[0m[0m
      [31m-[0m[0m assume_role_policy    = jsonencode(
            {
              [31m-[0m[0m Statement = [
                  [31m-[0m[0m {
                      [31m-[0m[0m Action    = "sts:AssumeRole"
                      [31m-[0m[0m Effect    = "Allow"
                      [31m-[0m[0m Principal = {
                          [31m-[0m[0m Service = "ecs-tasks.amazonaws.com"
                        }
                    },
                ]
              [31m-[0m[0m Version   = "2012-10-17"
            }
        ) [90m-> null[0m[0m
      [31m-[0m[0m create_date           = "2026-03-09T12:53:59Z" [90m-> null[0m[0m
      [31m-[0m[0m force_detach_policies = false [90m-> null[0m[0m
      [31m-[0m[0m id                    = "mri-dev-ecs-task-role" [90m-> null[0m[0m
      [31m-[0m[0m managed_policy_arns   = [] [90m-> null[0m[0m
      [31m-[0m[0m max_session_duration  = 3600 [90m-> null[0m[0m
      [31m-[0m[0m name                  = "mri-dev-ecs-task-role" [90m-> null[0m[0m
      [31m-[0m[0m path                  = "/" [90m-> null[0m[0m
      [31m-[0m[0m tags                  = {
          [31m-[0m[0m "Environment" = "dev"
          [31m-[0m[0m "ManagedBy"   = "terraform"
          [31m-[0m[0m "Name"        = "mri-dev-ecs-task-role"
          [31m-[0m[0m "Owner"       = "edwardjsi"
          [31m-[0m[0m "Project"     = "mri"
        } [90m-> null[0m[0m
      [31m-[0m[0m tags_all              = {
          [31m-[0m[0m "Environment" = "dev"
          [31m-[0m[0m "ManagedBy"   = "terraform"
          [31m-[0m[0m "Name"        = "mri-dev-ecs-task-role"
          [31m-[0m[0m "Owner"       = "edwardjsi"
          [31m-[0m[0m "Project"     = "mri"
        } [90m-> null[0m[0m
      [31m-[0m[0m unique_id             = "AROATVJH53DTIYT42KA7T" [90m-> null[0m[0m
        [90m# (3 unchanged attributes hidden)[0m[0m

      [31m-[0m[0m inline_policy {
          [31m-[0m[0m name   = "mri-dev-cloudwatch-policy" [90m-> null[0m[0m
          [31m-[0m[0m policy = jsonencode(
                {
                  [31m-[0m[0m Statement = [
                      [31m-[0m[0m {
                          [31m-[0m[0m Action   = [
                              [31m-[0m[0m "logs:CreateLogGroup",
                              [31m-[0m[0m "logs:CreateLogStream",
                              [31m-[0m[0m "logs:PutLogEvents",
                              [31m-[0m[0m "logs:DescribeLogStreams",
                            ]
                          [31m-[0m[0m Effect   = "Allow"
                          [31m-[0m[0m Resource = "arn:aws:logs:*:*:log-group:/mri/*"
                        },
                    ]
                  [31m-[0m[0m Version   = "2012-10-17"
                }
            ) [90m-> null[0m[0m
        }
      [31m-[0m[0m inline_policy {
          [31m-[0m[0m name   = "mri-dev-s3-policy" [90m-> null[0m[0m
          [31m-[0m[0m policy = jsonencode(
                {
                  [31m-[0m[0m Statement = [
                      [31m-[0m[0m {
                          [31m-[0m[0m Action   = [
                              [31m-[0m[0m "s3:PutObject",
                              [31m-[0m[0m "s3:GetObject",
                              [31m-[0m[0m "s3:ListBucket",
                              [31m-[0m[0m "s3:DeleteObject",
                            ]
                          [31m-[0m[0m Effect   = "Allow"
                          [31m-[0m[0m Resource = [
                              [31m-[0m[0m "arn:aws:s3:::mri-dev-outputs-251876202726",
                              [31m-[0m[0m "arn:aws:s3:::mri-dev-outputs-251876202726/*",
                            ]
                        },
                    ]
                  [31m-[0m[0m Version   = "2012-10-17"
                }
            ) [90m-> null[0m[0m
        }
      [31m-[0m[0m inline_policy {
          [31m-[0m[0m name   = "mri-dev-secrets-policy" [90m-> null[0m[0m
          [31m-[0m[0m policy = jsonencode(
                {
                  [31m-[0m[0m Statement = [
                      [31m-[0m[0m {
                          [31m-[0m[0m Action   = [
                              [31m-[0m[0m "secretsmanager:GetSecretValue",
                              [31m-[0m[0m "secretsmanager:DescribeSecret",
                            ]
                          [31m-[0m[0m Effect   = "Allow"
                          [31m-[0m[0m Resource = "arn:aws:secretsmanager:*:*:secret:mri-dev-*"
                        },
                    ]
                  [31m-[0m[0m Version   = "2012-10-17"
                }
            ) [90m-> null[0m[0m
        }
      [31m-[0m[0m inline_policy {
          [31m-[0m[0m name   = "mri-dev-ses-policy" [90m-> null[0m[0m
          [31m-[0m[0m policy = jsonencode(
                {
                  [31m-[0m[0m Statement = [
                      [31m-[0m[0m {
                          [31m-[0m[0m Action   = [
                              [31m-[0m[0m "ses:SendEmail",
                              [31m-[0m[0m "ses:SendRawEmail",
                            ]
                          [31m-[0m[0m Effect   = "Allow"
                          [31m-[0m[0m Resource = "*"
                        },
                    ]
                  [31m-[0m[0m Version   = "2012-10-17"
                }
            ) [90m-> null[0m[0m
        }
    }

[1m  # module.iam.aws_iam_role.ecs_task_execution[0m will be [1m[31mdestroyed[0m
[0m  [31m-[0m[0m resource "aws_iam_role" "ecs_task_execution" {
      [31m-[0m[0m arn                   = "arn:aws:iam::251876202726:role/mri-dev-ecs-execution-role" [90m-> null[0m[0m
      [31m-[0m[0m assume_role_policy    = jsonencode(
            {
              [31m-[0m[0m Statement = [
                  [31m-[0m[0m {
                      [31m-[0m[0m Action    = "sts:AssumeRole"
                      [31m-[0m[0m Effect    = "Allow"
                      [31m-[0m[0m Principal = {
                          [31m-[0m[0m Service = "ecs-tasks.amazonaws.com"
                        }
                    },
                ]
              [31m-[0m[0m Version   = "2012-10-17"
            }
        ) [90m-> null[0m[0m
      [31m-[0m[0m create_date           = "2026-03-09T12:53:59Z" [90m-> null[0m[0m
      [31m-[0m[0m force_detach_policies = false [90m-> null[0m[0m
      [31m-[0m[0m id                    = "mri-dev-ecs-execution-role" [90m-> null[0m[0m
      [31m-[0m[0m managed_policy_arns   = [
          [31m-[0m[0m "arn:aws:iam::aws:policy/service-role/AmazonECSTaskExecutionRolePolicy",
        ] [90m-> null[0m[0m
      [31m-[0m[0m max_session_duration  = 3600 [90m-> null[0m[0m
      [31m-[0m[0m name                  = "mri-dev-ecs-execution-role" [90m-> null[0m[0m
      [31m-[0m[0m path                  = "/" [90m-> null[0m[0m
      [31m-[0m[0m tags                  = {
          [31m-[0m[0m "Environment" = "dev"
          [31m-[0m[0m "ManagedBy"   = "terraform"
          [31m-[0m[0m "Name"        = "mri-dev-ecs-execution-role"
          [31m-[0m[0m "Owner"       = "edwardjsi"
          [31m-[0m[0m "Project"     = "mri"
        } [90m-> null[0m[0m
      [31m-[0m[0m tags_all              = {
          [31m-[0m[0m "Environment" = "dev"
          [31m-[0m[0m "ManagedBy"   = "terraform"
          [31m-[0m[0m "Name"        = "mri-dev-ecs-execution-role"
          [31m-[0m[0m "Owner"       = "edwardjsi"
          [31m-[0m[0m "Project"     = "mri"
        } [90m-> null[0m[0m
      [31m-[0m[0m unique_id             = "AROATVJH53DTPPXJLWHHW" [90m-> null[0m[0m
        [90m# (3 unchanged attributes hidden)[0m[0m

      [31m-[0m[0m inline_policy {
          [31m-[0m[0m name   = "mri-dev-execution-secrets-policy" [90m-> null[0m[0m
          [31m-[0m[0m policy = jsonencode(
                {
                  [31m-[0m[0m Statement = [
                      [31m-[0m[0m {
                          [31m-[0m[0m Action   = [
                              [31m-[0m[0m "secretsmanager:GetSecretValue",
                            ]
                          [31m-[0m[0m Effect   = "Allow"
                          [31m-[0m[0m Resource = "arn:aws:secretsmanager:*:*:secret:mri-dev-*"
                        },
                    ]
                  [31m-[0m[0m Version   = "2012-10-17"
                }
            ) [90m-> null[0m[0m
        }
    }

[1m  # module.iam.aws_iam_role_policy.ecs_task_cloudwatch[0m will be [1m[31mdestroyed[0m
[0m  [31m-[0m[0m resource "aws_iam_role_policy" "ecs_task_cloudwatch" {
      [31m-[0m[0m id          = "mri-dev-ecs-task-role:mri-dev-cloudwatch-policy" [90m-> null[0m[0m
      [31m-[0m[0m name        = "mri-dev-cloudwatch-policy" [90m-> null[0m[0m
      [31m-[0m[0m policy      = jsonencode(
            {
              [31m-[0m[0m Statement = [
                  [31m-[0m[0m {
                      [31m-[0m[0m Action   = [
                          [31m-[0m[0m "logs:CreateLogGroup",
                          [31m-[0m[0m "logs:CreateLogStream",
                          [31m-[0m[0m "logs:PutLogEvents",
                          [31m-[0m[0m "logs:DescribeLogStreams",
                        ]
                      [31m-[0m[0m Effect   = "Allow"
                      [31m-[0m[0m Resource = "arn:aws:logs:*:*:log-group:/mri/*"
                    },
                ]
              [31m-[0m[0m Version   = "2012-10-17"
            }
        ) [90m-> null[0m[0m
      [31m-[0m[0m role        = "mri-dev-ecs-task-role" [90m-> null[0m[0m
        [90m# (1 unchanged attribute hidden)[0m[0m
    }

[1m  # module.iam.aws_iam_role_policy.ecs_task_s3[0m will be [1m[31mdestroyed[0m
[0m  [31m-[0m[0m resource "aws_iam_role_policy" "ecs_task_s3" {
      [31m-[0m[0m id          = "mri-dev-ecs-task-role:mri-dev-s3-policy" [90m-> null[0m[0m
      [31m-[0m[0m name        = "mri-dev-s3-policy" [90m-> null[0m[0m
      [31m-[0m[0m policy      = jsonencode(
            {
              [31m-[0m[0m Statement = [
                  [31m-[0m[0m {
                      [31m-[0m[0m Action   = [
                          [31m-[0m[0m "s3:PutObject",
                          [31m-[0m[0m "s3:GetObject",
                          [31m-[0m[0m "s3:ListBucket",
                          [31m-[0m[0m "s3:DeleteObject",
                        ]
                      [31m-[0m[0m Effect   = "Allow"
                      [31m-[0m[0m Resource = [
                          [31m-[0m[0m "arn:aws:s3:::mri-dev-outputs-251876202726",
                          [31m-[0m[0m "arn:aws:s3:::mri-dev-outputs-251876202726/*",
                        ]
                    },
                ]
              [31m-[0m[0m Version   = "2012-10-17"
            }
        ) [90m-> null[0m[0m
      [31m-[0m[0m role        = "mri-dev-ecs-task-role" [90m-> null[0m[0m
        [90m# (1 unchanged attribute hidden)[0m[0m
    }

[1m  # module.iam.aws_iam_role_policy.ecs_task_secrets[0m will be [1m[31mdestroyed[0m
[0m  [31m-[0m[0m resource "aws_iam_role_policy" "ecs_task_secrets" {
      [31m-[0m[0m id          = "mri-dev-ecs-task-role:mri-dev-secrets-policy" [90m-> null[0m[0m
      [31m-[0m[0m name        = "mri-dev-secrets-policy" [90m-> null[0m[0m
      [31m-[0m[0m policy      = jsonencode(
            {
              [31m-[0m[0m Statement = [
                  [31m-[0m[0m {
                      [31m-[0m[0m Action   = [
                          [31m-[0m[0m "secretsmanager:GetSecretValue",
                          [31m-[0m[0m "secretsmanager:DescribeSecret",
                        ]
                      [31m-[0m[0m Effect   = "Allow"
                      [31m-[0m[0m Resource = "arn:aws:secretsmanager:*:*:secret:mri-dev-*"
                    },
                ]
              [31m-[0m[0m Version   = "2012-10-17"
            }
        ) [90m-> null[0m[0m
      [31m-[0m[0m role        = "mri-dev-ecs-task-role" [90m-> null[0m[0m
        [90m# (1 unchanged attribute hidden)[0m[0m
    }

[1m  # module.iam.aws_iam_role_policy.ecs_task_ses[0m will be [1m[31mdestroyed[0m
[0m  [31m-[0m[0m resource "aws_iam_role_policy" "ecs_task_ses" {
      [31m-[0m[0m id          = "mri-dev-ecs-task-role:mri-dev-ses-policy" [90m-> null[0m[0m
      [31m-[0m[0m name        = "mri-dev-ses-policy" [90m-> null[0m[0m
      [31m-[0m[0m policy      = jsonencode(
            {
              [31m-[0m[0m Statement = [
                  [31m-[0m[0m {
                      [31m-[0m[0m Action   = [
                          [31m-[0m[0m "ses:SendEmail",
                          [31m-[0m[0m "ses:SendRawEmail",
                        ]
                      [31m-[0m[0m Effect   = "Allow"
                      [31m-[0m[0m Resource = "*"
                    },
                ]
              [31m-[0m[0m Version   = "2012-10-17"
            }
        ) [90m-> null[0m[0m
      [31m-[0m[0m role        = "mri-dev-ecs-task-role" [90m-> null[0m[0m
        [90m# (1 unchanged attribute hidden)[0m[0m
    }

[1m  # module.iam.aws_iam_role_policy.execution_secrets[0m will be [1m[31mdestroyed[0m
[0m  [31m-[0m[0m resource "aws_iam_role_policy" "execution_secrets" {
      [31m-[0m[0m id          = "mri-dev-ecs-execution-role:mri-dev-execution-secrets-policy" [90m-> null[0m[0m
      [31m-[0m[0m name        = "mri-dev-execution-secrets-policy" [90m-> null[0m[0m
      [31m-[0m[0m policy      = jsonencode(
            {
              [31m-[0m[0m Statement = [
                  [31m-[0m[0m {
                      [31m-[0m[0m Action   = [
                          [31m-[0m[0m "secretsmanager:GetSecretValue",
                        ]
                      [31m-[0m[0m Effect   = "Allow"
                      [31m-[0m[0m Resource = "arn:aws:secretsmanager:*:*:secret:mri-dev-*"
                    },
                ]
              [31m-[0m[0m Version   = "2012-10-17"
            }
        ) [90m-> null[0m[0m
      [31m-[0m[0m role        = "mri-dev-ecs-execution-role" [90m-> null[0m[0m
        [90m# (1 unchanged attribute hidden)[0m[0m
    }

[1m  # module.iam.aws_iam_role_policy_attachment.ecs_execution[0m will be [1m[31mdestroyed[0m
[0m  [31m-[0m[0m resource "aws_iam_role_policy_attachment" "ecs_execution" {
      [31m-[0m[0m id         = "mri-dev-ecs-execution-role-20260309125400532900000002" [90m-> null[0m[0m
      [31m-[0m[0m policy_arn = "arn:aws:iam::aws:policy/service-role/AmazonECSTaskExecutionRolePolicy" [90m-> null[0m[0m
      [31m-[0m[0m role       = "mri-dev-ecs-execution-role" [90m-> null[0m[0m
    }

[1m  # module.s3.aws_s3_bucket.outputs[0m will be [1m[31mdestroyed[0m
[0m  [31m-[0m[0m resource "aws_s3_bucket" "outputs" {
      [31m-[0m[0m arn                         = "arn:aws:s3:::mri-dev-outputs-251876202726" [90m-> null[0m[0m
      [31m-[0m[0m bucket                      = "mri-dev-outputs-251876202726" [90m-> null[0m[0m
      [31m-[0m[0m bucket_domain_name          = "mri-dev-outputs-251876202726.s3.amazonaws.com" [90m-> null[0m[0m
      [31m-[0m[0m bucket_regional_domain_name = "mri-dev-outputs-251876202726.s3.ap-south-1.amazonaws.com" [90m-> null[0m[0m
      [31m-[0m[0m force_destroy               = true [90m-> null[0m[0m
      [31m-[0m[0m hosted_zone_id              = "Z11RGJOFQNVJUP" [90m-> null[0m[0m
      [31m-[0m[0m id                          = "mri-dev-outputs-251876202726" [90m-> null[0m[0m
      [31m-[0m[0m object_lock_enabled         = false [90m-> null[0m[0m
      [31m-[0m[0m region                      = "ap-south-1" [90m-> null[0m[0m
      [31m-[0m[0m request_payer               = "BucketOwner" [90m-> null[0m[0m
      [31m-[0m[0m tags                        = {
          [31m-[0m[0m "Environment" = "dev"
          [31m-[0m[0m "ManagedBy"   = "terraform"
          [31m-[0m[0m "Name"        = "mri-dev-outputs"
          [31m-[0m[0m "Owner"       = "edwardjsi"
          [31m-[0m[0m "Project"     = "mri"
        } [90m-> null[0m[0m
      [31m-[0m[0m tags_all                    = {
          [31m-[0m[0m "Environment" = "dev"
          [31m-[0m[0m "ManagedBy"   = "terraform"
          [31m-[0m[0m "Name"        = "mri-dev-outputs"
          [31m-[0m[0m "Owner"       = "edwardjsi"
          [31m-[0m[0m "Project"     = "mri"
        } [90m-> null[0m[0m
        [90m# (3 unchanged attributes hidden)[0m[0m

      [31m-[0m[0m grant {
          [31m-[0m[0m id          = "81dccb5aca9b2e419a611ba9a4202becd8a46a89ba1d0f7bcf3c2cd558d5eb21" [90m-> null[0m[0m
          [31m-[0m[0m permissions = [
              [31m-[0m[0m "FULL_CONTROL",
            ] [90m-> null[0m[0m
          [31m-[0m[0m type        = "CanonicalUser" [90m-> null[0m[0m
            [90m# (1 unchanged attribute hidden)[0m[0m
        }

      [31m-[0m[0m server_side_encryption_configuration {
          [31m-[0m[0m rule {
              [31m-[0m[0m bucket_key_enabled = false [90m-> null[0m[0m

              [31m-[0m[0m apply_server_side_encryption_by_default {
                  [31m-[0m[0m sse_algorithm     = "AES256" [90m-> null[0m[0m
                    [90m# (1 unchanged attribute hidden)[0m[0m
                }
            }
        }

      [31m-[0m[0m versioning {
          [31m-[0m[0m enabled    = true [90m-> null[0m[0m
          [31m-[0m[0m mfa_delete = false [90m-> null[0m[0m
        }
    }

[1m  # module.s3.aws_s3_bucket_public_access_block.outputs[0m will be [1m[31mdestroyed[0m
[0m  [31m-[0m[0m resource "aws_s3_bucket_public_access_block" "outputs" {
      [31m-[0m[0m block_public_acls       = true [90m-> null[0m[0m
      [31m-[0m[0m block_public_policy     = true [90m-> null[0m[0m
      [31m-[0m[0m bucket                  = "mri-dev-outputs-251876202726" [90m-> null[0m[0m
      [31m-[0m[0m id                      = "mri-dev-outputs-251876202726" [90m-> null[0m[0m
      [31m-[0m[0m ignore_public_acls      = true [90m-> null[0m[0m
      [31m-[0m[0m restrict_public_buckets = true [90m-> null[0m[0m
    }

[1m  # module.s3.aws_s3_bucket_server_side_encryption_configuration.outputs[0m will be [1m[31mdestroyed[0m
[0m  [31m-[0m[0m resource "aws_s3_bucket_server_side_encryption_configuration" "outputs" {
      [31m-[0m[0m bucket                = "mri-dev-outputs-251876202726" [90m-> null[0m[0m
      [31m-[0m[0m id                    = "mri-dev-outputs-251876202726" [90m-> null[0m[0m
        [90m# (1 unchanged attribute hidden)[0m[0m

      [31m-[0m[0m rule {
          [31m-[0m[0m bucket_key_enabled = false [90m-> null[0m[0m

          [31m-[0m[0m apply_server_side_encryption_by_default {
              [31m-[0m[0m sse_algorithm     = "AES256" [90m-> null[0m[0m
                [90m# (1 unchanged attribute hidden)[0m[0m
            }
        }
    }

[1m  # module.s3.aws_s3_bucket_versioning.outputs[0m will be [1m[31mdestroyed[0m
[0m  [31m-[0m[0m resource "aws_s3_bucket_versioning" "outputs" {
      [31m-[0m[0m bucket                = "mri-dev-outputs-251876202726" [90m-> null[0m[0m
      [31m-[0m[0m id                    = "mri-dev-outputs-251876202726" [90m-> null[0m[0m
        [90m# (1 unchanged attribute hidden)[0m[0m

      [31m-[0m[0m versioning_configuration {
          [31m-[0m[0m status     = "Enabled" [90m-> null[0m[0m
            [90m# (1 unchanged attribute hidden)[0m[0m
        }
    }

[1m  # module.vpc.aws_iam_instance_profile.bastion[0m will be [1m[31mdestroyed[0m
[0m  [31m-[0m[0m resource "aws_iam_instance_profile" "bastion" {
      [31m-[0m[0m arn         = "arn:aws:iam::251876202726:instance-profile/mri-dev-bastion-profile" [90m-> null[0m[0m
      [31m-[0m[0m create_date = "2026-03-09T12:54:00Z" [90m-> null[0m[0m
      [31m-[0m[0m id          = "mri-dev-bastion-profile" [90m-> null[0m[0m
      [31m-[0m[0m name        = "mri-dev-bastion-profile" [90m-> null[0m[0m
      [31m-[0m[0m path        = "/" [90m-> null[0m[0m
      [31m-[0m[0m role        = "mri-dev-bastion-ssm-role" [90m-> null[0m[0m
      [31m-[0m[0m tags        = {} [90m-> null[0m[0m
      [31m-[0m[0m tags_all    = {
          [31m-[0m[0m "Environment" = "dev"
          [31m-[0m[0m "ManagedBy"   = "terraform"
          [31m-[0m[0m "Owner"       = "edwardjsi"
          [31m-[0m[0m "Project"     = "mri"
        } [90m-> null[0m[0m
      [31m-[0m[0m unique_id   = "AIPATVJH53DTMKCE4OAZA" [90m-> null[0m[0m
        [90m# (1 unchanged attribute hidden)[0m[0m
    }

[1m  # module.vpc.aws_iam_role.bastion_ssm[0m will be [1m[31mdestroyed[0m
[0m  [31m-[0m[0m resource "aws_iam_role" "bastion_ssm" {
      [31m-[0m[0m arn                   = "arn:aws:iam::251876202726:role/mri-dev-bastion-ssm-role" [90m-> null[0m[0m
      [31m-[0m[0m assume_role_policy    = jsonencode(
            {
              [31m-[0m[0m Statement = [
                  [31m-[0m[0m {
                      [31m-[0m[0m Action    = "sts:AssumeRole"
                      [31m-[0m[0m Effect    = "Allow"
                      [31m-[0m[0m Principal = {
                          [31m-[0m[0m Service = "ec2.amazonaws.com"
                        }
                    },
                ]
              [31m-[0m[0m Version   = "2012-10-17"
            }
        ) [90m-> null[0m[0m
      [31m-[0m[0m create_date           = "2026-03-09T12:53:59Z" [90m-> null[0m[0m
      [31m-[0m[0m force_detach_policies = false [90m-> null[0m[0m
      [31m-[0m[0m id                    = "mri-dev-bastion-ssm-role" [90m-> null[0m[0m
      [31m-[0m[0m managed_policy_arns   = [
          [31m-[0m[0m "arn:aws:iam::aws:policy/AmazonSSMManagedInstanceCore",
        ] [90m-> null[0m[0m
      [31m-[0m[0m max_session_duration  = 3600 [90m-> null[0m[0m
      [31m-[0m[0m name                  = "mri-dev-bastion-ssm-role" [90m-> null[0m[0m
      [31m-[0m[0m path                  = "/" [90m-> null[0m[0m
      [31m-[0m[0m tags                  = {
          [31m-[0m[0m "Environment" = "dev"
          [31m-[0m[0m "ManagedBy"   = "terraform"
          [31m-[0m[0m "Name"        = "mri-dev-bastion-ssm-role"
          [31m-[0m[0m "Owner"       = "edwardjsi"
          [31m-[0m[0m "Project"     = "mri"
        } [90m-> null[0m[0m
      [31m-[0m[0m tags_all              = {
          [31m-[0m[0m "Environment" = "dev"
          [31m-[0m[0m "ManagedBy"   = "terraform"
          [31m-[0m[0m "Name"        = "mri-dev-bastion-ssm-role"
          [31m-[0m[0m "Owner"       = "edwardjsi"
          [31m-[0m[0m "Project"     = "mri"
        } [90m-> null[0m[0m
      [31m-[0m[0m unique_id             = "AROATVJH53DTHXHFDN2KR" [90m-> null[0m[0m
        [90m# (3 unchanged attributes hidden)[0m[0m
    }

[1m  # module.vpc.aws_iam_role_policy_attachment.bastion_ssm[0m will be [1m[31mdestroyed[0m
[0m  [31m-[0m[0m resource "aws_iam_role_policy_attachment" "bastion_ssm" {
      [31m-[0m[0m id         = "mri-dev-bastion-ssm-role-20260309125400904100000003" [90m-> null[0m[0m
      [31m-[0m[0m policy_arn = "arn:aws:iam::aws:policy/AmazonSSMManagedInstanceCore" [90m-> null[0m[0m
      [31m-[0m[0m role       = "mri-dev-bastion-ssm-role" [90m-> null[0m[0m
    }

[1m  # module.vpc.aws_instance.bastion[0m will be [1m[31mdestroyed[0m
[0m  [31m-[0m[0m resource "aws_instance" "bastion" {
      [31m-[0m[0m ami                                  = "ami-0e267a9919cdf778f" [90m-> null[0m[0m
      [31m-[0m[0m arn                                  = "arn:aws:ec2:ap-south-1:251876202726:instance/i-07fdabe814c478766" [90m-> null[0m[0m
      [31m-[0m[0m associate_public_ip_address          = true [90m-> null[0m[0m
      [31m-[0m[0m availability_zone                    = "ap-south-1a" [90m-> null[0m[0m
      [31m-[0m[0m cpu_core_count                       = 1 [90m-> null[0m[0m
      [31m-[0m[0m cpu_threads_per_core                 = 2 [90m-> null[0m[0m
      [31m-[0m[0m disable_api_stop                     = false [90m-> null[0m[0m
      [31m-[0m[0m disable_api_termination              = false [90m-> null[0m[0m
      [31m-[0m[0m ebs_optimized                        = false [90m-> null[0m[0m
      [31m-[0m[0m get_password_data                    = false [90m-> null[0m[0m
      [31m-[0m[0m hibernation                          = false [90m-> null[0m[0m
      [31m-[0m[0m iam_instance_profile                 = "mri-dev-bastion-profile" [90m-> null[0m[0m
      [31m-[0m[0m id                                   = "i-07fdabe814c478766" [90m-> null[0m[0m
      [31m-[0m[0m instance_initiated_shutdown_behavior = "stop" [90m-> null[0m[0m
      [31m-[0m[0m instance_state                       = "running" [90m-> null[0m[0m
      [31m-[0m[0m instance_type                        = "t3.micro" [90m-> null[0m[0m
      [31m-[0m[0m ipv6_address_count                   = 0 [90m-> null[0m[0m
      [31m-[0m[0m ipv6_addresses                       = [] [90m-> null[0m[0m
      [31m-[0m[0m monitoring                           = false [90m-> null[0m[0m
      [31m-[0m[0m placement_partition_number           = 0 [90m-> null[0m[0m
      [31m-[0m[0m primary_network_interface_id         = "eni-0aa61fc52a919cebc" [90m-> null[0m[0m
      [31m-[0m[0m private_dns                          = "ip-10-0-0-26.ap-south-1.compute.internal" [90m-> null[0m[0m
      [31m-[0m[0m private_ip                           = "10.0.0.26" [90m-> null[0m[0m
      [31m-[0m[0m public_dns                           = "ec2-13-201-92-108.ap-south-1.compute.amazonaws.com" [90m-> null[0m[0m
      [31m-[0m[0m public_ip                            = "13.201.92.108" [90m-> null[0m[0m
      [31m-[0m[0m secondary_private_ips                = [] [90m-> null[0m[0m
      [31m-[0m[0m security_groups                      = [] [90m-> null[0m[0m
      [31m-[0m[0m source_dest_check                    = true [90m-> null[0m[0m
      [31m-[0m[0m subnet_id                            = "subnet-0b25d886295b2c171" [90m-> null[0m[0m
      [31m-[0m[0m tags                                 = {
          [31m-[0m[0m "Environment" = "dev"
          [31m-[0m[0m "ManagedBy"   = "terraform"
          [31m-[0m[0m "Name"        = "mri-dev-bastion"
          [31m-[0m[0m "Owner"       = "edwardjsi"
          [31m-[0m[0m "Project"     = "mri"
        } [90m-> null[0m[0m
      [31m-[0m[0m tags_all                             = {
          [31m-[0m[0m "Environment" = "dev"
          [31m-[0m[0m "ManagedBy"   = "terraform"
          [31m-[0m[0m "Name"        = "mri-dev-bastion"
          [31m-[0m[0m "Owner"       = "edwardjsi"
          [31m-[0m[0m "Project"     = "mri"
        } [90m-> null[0m[0m
      [31m-[0m[0m tenancy                              = "default" [90m-> null[0m[0m
      [31m-[0m[0m user_data_replace_on_change          = false [90m-> null[0m[0m
      [31m-[0m[0m vpc_security_group_ids               = [
          [31m-[0m[0m "sg-09c4cf94fa2f240b9",
        ] [90m-> null[0m[0m
        [90m# (7 unchanged attributes hidden)[0m[0m

      [31m-[0m[0m capacity_reservation_specification {
          [31m-[0m[0m capacity_reservation_preference = "open" [90m-> null[0m[0m
        }

      [31m-[0m[0m cpu_options {
          [31m-[0m[0m core_count       = 1 [90m-> null[0m[0m
          [31m-[0m[0m threads_per_core = 2 [90m-> null[0m[0m
            [90m# (1 unchanged attribute hidden)[0m[0m
        }

      [31m-[0m[0m credit_specification {
          [31m-[0m[0m cpu_credits = "unlimited" [90m-> null[0m[0m
        }

      [31m-[0m[0m enclave_options {
          [31m-[0m[0m enabled = false [90m-> null[0m[0m
        }

      [31m-[0m[0m maintenance_options {
          [31m-[0m[0m auto_recovery = "default" [90m-> null[0m[0m
        }

      [31m-[0m[0m metadata_options {
          [31m-[0m[0m http_endpoint               = "enabled" [90m-> null[0m[0m
          [31m-[0m[0m http_protocol_ipv6          = "disabled" [90m-> null[0m[0m
          [31m-[0m[0m http_put_response_hop_limit = 2 [90m-> null[0m[0m
          [31m-[0m[0m http_tokens                 = "required" [90m-> null[0m[0m
          [31m-[0m[0m instance_metadata_tags      = "disabled" [90m-> null[0m[0m
        }

      [31m-[0m[0m private_dns_name_options {
          [31m-[0m[0m enable_resource_name_dns_a_record    = false [90m-> null[0m[0m
          [31m-[0m[0m enable_resource_name_dns_aaaa_record = false [90m-> null[0m[0m
          [31m-[0m[0m hostname_type                        = "ip-name" [90m-> null[0m[0m
        }

      [31m-[0m[0m root_block_device {
          [31m-[0m[0m delete_on_termination = true [90m-> null[0m[0m
          [31m-[0m[0m device_name           = "/dev/xvda" [90m-> null[0m[0m
          [31m-[0m[0m encrypted             = false [90m-> null[0m[0m
          [31m-[0m[0m iops                  = 3000 [90m-> null[0m[0m
          [31m-[0m[0m tags                  = {
              [31m-[0m[0m "Environment" = "dev"
              [31m-[0m[0m "ManagedBy"   = "terraform"
              [31m-[0m[0m "Owner"       = "edwardjsi"
              [31m-[0m[0m "Project"     = "mri"
            } [90m-> null[0m[0m
          [31m-[0m[0m tags_all              = {
              [31m-[0m[0m "Environment" = "dev"
              [31m-[0m[0m "ManagedBy"   = "terraform"
              [31m-[0m[0m "Owner"       = "edwardjsi"
              [31m-[0m[0m "Project"     = "mri"
            } [90m-> null[0m[0m
          [31m-[0m[0m throughput            = 125 [90m-> null[0m[0m
          [31m-[0m[0m volume_id             = "vol-0b8f8cb2058b2a560" [90m-> null[0m[0m
          [31m-[0m[0m volume_size           = 8 [90m-> null[0m[0m
          [31m-[0m[0m volume_type           = "gp3" [90m-> null[0m[0m
            [90m# (1 unchanged attribute hidden)[0m[0m
        }
    }

[1m  # module.vpc.aws_internet_gateway.main[0m will be [1m[31mdestroyed[0m
[0m  [31m-[0m[0m resource "aws_internet_gateway" "main" {
      [31m-[0m[0m arn      = "arn:aws:ec2:ap-south-1:251876202726:internet-gateway/igw-06e7788c4fafba710" [90m-> null[0m[0m
      [31m-[0m[0m id       = "igw-06e7788c4fafba710" [90m-> null[0m[0m
      [31m-[0m[0m owner_id = "251876202726" [90m-> null[0m[0m
      [31m-[0m[0m tags     = {
          [31m-[0m[0m "Environment" = "dev"
          [31m-[0m[0m "ManagedBy"   = "terraform"
          [31m-[0m[0m "Name"        = "mri-dev-igw"
          [31m-[0m[0m "Owner"       = "edwardjsi"
          [31m-[0m[0m "Project"     = "mri"
        } [90m-> null[0m[0m
      [31m-[0m[0m tags_all = {
          [31m-[0m[0m "Environment" = "dev"
          [31m-[0m[0m "ManagedBy"   = "terraform"
          [31m-[0m[0m "Name"        = "mri-dev-igw"
          [31m-[0m[0m "Owner"       = "edwardjsi"
          [31m-[0m[0m "Project"     = "mri"
        } [90m-> null[0m[0m
      [31m-[0m[0m vpc_id   = "vpc-00fe799c6d993f6a3" [90m-> null[0m[0m
    }

[1m  # module.vpc.aws_route_table.private[0m will be [1m[31mdestroyed[0m
[0m  [31m-[0m[0m resource "aws_route_table" "private" {
      [31m-[0m[0m arn              = "arn:aws:ec2:ap-south-1:251876202726:route-table/rtb-0e56c70842b84e77b" [90m-> null[0m[0m
      [31m-[0m[0m id               = "rtb-0e56c70842b84e77b" [90m-> null[0m[0m
      [31m-[0m[0m owner_id         = "251876202726" [90m-> null[0m[0m
      [31m-[0m[0m propagating_vgws = [] [90m-> null[0m[0m
      [31m-[0m[0m route            = [] [90m-> null[0m[0m
      [31m-[0m[0m tags             = {
          [31m-[0m[0m "Environment" = "dev"
          [31m-[0m[0m "ManagedBy"   = "terraform"
          [31m-[0m[0m "Name"        = "mri-dev-private-rt"
          [31m-[0m[0m "Owner"       = "edwardjsi"
          [31m-[0m[0m "Project"     = "mri"
        } [90m-> null[0m[0m
      [31m-[0m[0m tags_all         = {
          [31m-[0m[0m "Environment" = "dev"
          [31m-[0m[0m "ManagedBy"   = "terraform"
          [31m-[0m[0m "Name"        = "mri-dev-private-rt"
          [31m-[0m[0m "Owner"       = "edwardjsi"
          [31m-[0m[0m "Project"     = "mri"
        } [90m-> null[0m[0m
      [31m-[0m[0m vpc_id           = "vpc-00fe799c6d993f6a3" [90m-> null[0m[0m
    }

[1m  # module.vpc.aws_route_table.public[0m will be [1m[31mdestroyed[0m
[0m  [31m-[0m[0m resource "aws_route_table" "public" {
      [31m-[0m[0m arn              = "arn:aws:ec2:ap-south-1:251876202726:route-table/rtb-02ba9e1891754b832" [90m-> null[0m[0m
      [31m-[0m[0m id               = "rtb-02ba9e1891754b832" [90m-> null[0m[0m
      [31m-[0m[0m owner_id         = "251876202726" [90m-> null[0m[0m
      [31m-[0m[0m propagating_vgws = [] [90m-> null[0m[0m
      [31m-[0m[0m route            = [
          [31m-[0m[0m {
              [31m-[0m[0m cidr_block                 = "0.0.0.0/0"
              [31m-[0m[0m gateway_id                 = "igw-06e7788c4fafba710"
                [90m# (11 unchanged attributes hidden)[0m[0m
            },
        ] [90m-> null[0m[0m
      [31m-[0m[0m tags             = {
          [31m-[0m[0m "Environment" = "dev"
          [31m-[0m[0m "ManagedBy"   = "terraform"
          [31m-[0m[0m "Name"        = "mri-dev-public-rt"
          [31m-[0m[0m "Owner"       = "edwardjsi"
          [31m-[0m[0m "Project"     = "mri"
        } [90m-> null[0m[0m
      [31m-[0m[0m tags_all         = {
          [31m-[0m[0m "Environment" = "dev"
          [31m-[0m[0m "ManagedBy"   = "terraform"
          [31m-[0m[0m "Name"        = "mri-dev-public-rt"
          [31m-[0m[0m "Owner"       = "edwardjsi"
          [31m-[0m[0m "Project"     = "mri"
        } [90m-> null[0m[0m
      [31m-[0m[0m vpc_id           = "vpc-00fe799c6d993f6a3" [90m-> null[0m[0m
    }

[1m  # module.vpc.aws_route_table_association.private[0][0m will be [1m[31mdestroyed[0m
[0m  [31m-[0m[0m resource "aws_route_table_association" "private" {
      [31m-[0m[0m id             = "rtbassoc-02561bf889391df22" [90m-> null[0m[0m
      [31m-[0m[0m route_table_id = "rtb-0e56c70842b84e77b" [90m-> null[0m[0m
      [31m-[0m[0m subnet_id      = "subnet-0e3610095698903e8" [90m-> null[0m[0m
        [90m# (1 unchanged attribute hidden)[0m[0m
    }

[1m  # module.vpc.aws_route_table_association.private[1][0m will be [1m[31mdestroyed[0m
[0m  [31m-[0m[0m resource "aws_route_table_association" "private" {
      [31m-[0m[0m id             = "rtbassoc-03e79901029a3bd01" [90m-> null[0m[0m
      [31m-[0m[0m route_table_id = "rtb-0e56c70842b84e77b" [90m-> null[0m[0m
      [31m-[0m[0m subnet_id      = "subnet-075875cad1bd04dae" [90m-> null[0m[0m
        [90m# (1 unchanged attribute hidden)[0m[0m
    }

[1m  # module.vpc.aws_route_table_association.public[0][0m will be [1m[31mdestroyed[0m
[0m  [31m-[0m[0m resource "aws_route_table_association" "public" {
      [31m-[0m[0m id             = "rtbassoc-03faf031e6b3d622b" [90m-> null[0m[0m
      [31m-[0m[0m route_table_id = "rtb-02ba9e1891754b832" [90m-> null[0m[0m
      [31m-[0m[0m subnet_id      = "subnet-0b25d886295b2c171" [90m-> null[0m[0m
        [90m# (1 unchanged attribute hidden)[0m[0m
    }

[1m  # module.vpc.aws_route_table_association.public[1][0m will be [1m[31mdestroyed[0m
[0m  [31m-[0m[0m resource "aws_route_table_association" "public" {
      [31m-[0m[0m id             = "rtbassoc-05a51c99d9ee1e61d" [90m-> null[0m[0m
      [31m-[0m[0m route_table_id = "rtb-02ba9e1891754b832" [90m-> null[0m[0m
      [31m-[0m[0m subnet_id      = "subnet-01d402a479d5fc968" [90m-> null[0m[0m
        [90m# (1 unchanged attribute hidden)[0m[0m
    }

[1m  # module.vpc.aws_security_group.app[0m will be [1m[31mdestroyed[0m
[0m  [31m-[0m[0m resource "aws_security_group" "app" {
      [31m-[0m[0m arn                    = "arn:aws:ec2:ap-south-1:251876202726:security-group/sg-04c2d48049788025f" [90m-> null[0m[0m
      [31m-[0m[0m description            = "Security group for MRI application" [90m-> null[0m[0m
      [31m-[0m[0m egress                 = [
          [31m-[0m[0m {
              [31m-[0m[0m cidr_blocks      = [
                  [31m-[0m[0m "0.0.0.0/0",
                ]
              [31m-[0m[0m from_port        = 0
              [31m-[0m[0m ipv6_cidr_blocks = []
              [31m-[0m[0m prefix_list_ids  = []
              [31m-[0m[0m protocol         = "-1"
              [31m-[0m[0m security_groups  = []
              [31m-[0m[0m self             = false
              [31m-[0m[0m to_port          = 0
                [90m# (1 unchanged attribute hidden)[0m[0m
            },
        ] [90m-> null[0m[0m
      [31m-[0m[0m id                     = "sg-04c2d48049788025f" [90m-> null[0m[0m
      [31m-[0m[0m ingress                = [] [90m-> null[0m[0m
      [31m-[0m[0m name                   = "mri-dev-app-sg" [90m-> null[0m[0m
      [31m-[0m[0m owner_id               = "251876202726" [90m-> null[0m[0m
      [31m-[0m[0m revoke_rules_on_delete = false [90m-> null[0m[0m
      [31m-[0m[0m tags                   = {
          [31m-[0m[0m "Environment" = "dev"
          [31m-[0m[0m "ManagedBy"   = "terraform"
          [31m-[0m[0m "Name"        = "mri-dev-app-sg"
          [31m-[0m[0m "Owner"       = "edwardjsi"
          [31m-[0m[0m "Project"     = "mri"
        } [90m-> null[0m[0m
      [31m-[0m[0m tags_all               = {
          [31m-[0m[0m "Environment" = "dev"
          [31m-[0m[0m "ManagedBy"   = "terraform"
          [31m-[0m[0m "Name"        = "mri-dev-app-sg"
          [31m-[0m[0m "Owner"       = "edwardjsi"
          [31m-[0m[0m "Project"     = "mri"
        } [90m-> null[0m[0m
      [31m-[0m[0m vpc_id                 = "vpc-00fe799c6d993f6a3" [90m-> null[0m[0m
        [90m# (1 unchanged attribute hidden)[0m[0m
    }

[1m  # module.vpc.aws_security_group.bastion[0m will be [1m[31mdestroyed[0m
[0m  [31m-[0m[0m resource "aws_security_group" "bastion" {
      [31m-[0m[0m arn                    = "arn:aws:ec2:ap-south-1:251876202726:security-group/sg-09c4cf94fa2f240b9" [90m-> null[0m[0m
      [31m-[0m[0m description            = "Security group for bastion host" [90m-> null[0m[0m
      [31m-[0m[0m egress                 = [
          [31m-[0m[0m {
              [31m-[0m[0m cidr_blocks      = [
                  [31m-[0m[0m "0.0.0.0/0",
                ]
              [31m-[0m[0m from_port        = 0
              [31m-[0m[0m ipv6_cidr_blocks = []
              [31m-[0m[0m prefix_list_ids  = []
              [31m-[0m[0m protocol         = "-1"
              [31m-[0m[0m security_groups  = []
              [31m-[0m[0m self             = false
              [31m-[0m[0m to_port          = 0
                [90m# (1 unchanged attribute hidden)[0m[0m
            },
        ] [90m-> null[0m[0m
      [31m-[0m[0m id                     = "sg-09c4cf94fa2f240b9" [90m-> null[0m[0m
      [31m-[0m[0m ingress                = [
          [31m-[0m[0m {
              [31m-[0m[0m cidr_blocks      = [
                  [31m-[0m[0m "0.0.0.0/0",
                ]
              [31m-[0m[0m from_port        = 22
              [31m-[0m[0m ipv6_cidr_blocks = []
              [31m-[0m[0m prefix_list_ids  = []
              [31m-[0m[0m protocol         = "tcp"
              [31m-[0m[0m security_groups  = []
              [31m-[0m[0m self             = false
              [31m-[0m[0m to_port          = 22
                [90m# (1 unchanged attribute hidden)[0m[0m
            },
        ] [90m-> null[0m[0m
      [31m-[0m[0m name                   = "mri-dev-bastion-sg" [90m-> null[0m[0m
      [31m-[0m[0m owner_id               = "251876202726" [90m-> null[0m[0m
      [31m-[0m[0m revoke_rules_on_delete = false [90m-> null[0m[0m
      [31m-[0m[0m tags                   = {
          [31m-[0m[0m "Environment" = "dev"
          [31m-[0m[0m "ManagedBy"   = "terraform"
          [31m-[0m[0m "Name"        = "mri-dev-bastion-sg"
          [31m-[0m[0m "Owner"       = "edwardjsi"
          [31m-[0m[0m "Project"     = "mri"
        } [90m-> null[0m[0m
      [31m-[0m[0m tags_all               = {
          [31m-[0m[0m "Environment" = "dev"
          [31m-[0m[0m "ManagedBy"   = "terraform"
          [31m-[0m[0m "Name"        = "mri-dev-bastion-sg"
          [31m-[0m[0m "Owner"       = "edwardjsi"
          [31m-[0m[0m "Project"     = "mri"
        } [90m-> null[0m[0m
      [31m-[0m[0m vpc_id                 = "vpc-00fe799c6d993f6a3" [90m-> null[0m[0m
        [90m# (1 unchanged attribute hidden)[0m[0m
    }

[1m  # module.vpc.aws_security_group.rds[0m will be [1m[31mdestroyed[0m
[0m  [31m-[0m[0m resource "aws_security_group" "rds" {
      [31m-[0m[0m arn                    = "arn:aws:ec2:ap-south-1:251876202726:security-group/sg-0f48da95ecf299941" [90m-> null[0m[0m
      [31m-[0m[0m description            = "Security group for MRI RDS" [90m-> null[0m[0m
      [31m-[0m[0m egress                 = [] [90m-> null[0m[0m
      [31m-[0m[0m id                     = "sg-0f48da95ecf299941" [90m-> null[0m[0m
      [31m-[0m[0m ingress                = [
          [31m-[0m[0m {
              [31m-[0m[0m cidr_blocks      = []
              [31m-[0m[0m from_port        = 5432
              [31m-[0m[0m ipv6_cidr_blocks = []
              [31m-[0m[0m prefix_list_ids  = []
              [31m-[0m[0m protocol         = "tcp"
              [31m-[0m[0m security_groups  = [
                  [31m-[0m[0m "sg-04c2d48049788025f",
                  [31m-[0m[0m "sg-09c4cf94fa2f240b9",
                ]
              [31m-[0m[0m self             = false
              [31m-[0m[0m to_port          = 5432
                [90m# (1 unchanged attribute hidden)[0m[0m
            },
        ] [90m-> null[0m[0m
      [31m-[0m[0m name                   = "mri-dev-rds-sg" [90m-> null[0m[0m
      [31m-[0m[0m owner_id               = "251876202726" [90m-> null[0m[0m
      [31m-[0m[0m revoke_rules_on_delete = false [90m-> null[0m[0m
      [31m-[0m[0m tags                   = {
          [31m-[0m[0m "Environment" = "dev"
          [31m-[0m[0m "ManagedBy"   = "terraform"
          [31m-[0m[0m "Name"        = "mri-dev-rds-sg"
          [31m-[0m[0m "Owner"       = "edwardjsi"
          [31m-[0m[0m "Project"     = "mri"
        } [90m-> null[0m[0m
      [31m-[0m[0m tags_all               = {
          [31m-[0m[0m "Environment" = "dev"
          [31m-[0m[0m "ManagedBy"   = "terraform"
          [31m-[0m[0m "Name"        = "mri-dev-rds-sg"
          [31m-[0m[0m "Owner"       = "edwardjsi"
          [31m-[0m[0m "Project"     = "mri"
        } [90m-> null[0m[0m
      [31m-[0m[0m vpc_id                 = "vpc-00fe799c6d993f6a3" [90m-> null[0m[0m
        [90m# (1 unchanged attribute hidden)[0m[0m
    }

[1m  # module.vpc.aws_subnet.private[0][0m will be [1m[31mdestroyed[0m
[0m  [31m-[0m[0m resource "aws_subnet" "private" {
      [31m-[0m[0m arn                                            = "arn:aws:ec2:ap-south-1:251876202726:subnet/subnet-0e3610095698903e8" [90m-> null[0m[0m
      [31m-[0m[0m assign_ipv6_address_on_creation                = false [90m-> null[0m[0m
      [31m-[0m[0m availability_zone                              = "ap-south-1a" [90m-> null[0m[0m
      [31m-[0m[0m availability_zone_id                           = "aps1-az1" [90m-> null[0m[0m
      [31m-[0m[0m cidr_block                                     = "10.0.10.0/24" [90m-> null[0m[0m
      [31m-[0m[0m enable_dns64                                   = false [90m-> null[0m[0m
      [31m-[0m[0m enable_lni_at_device_index                     = 0 [90m-> null[0m[0m
      [31m-[0m[0m enable_resource_name_dns_a_record_on_launch    = false [90m-> null[0m[0m
      [31m-[0m[0m enable_resource_name_dns_aaaa_record_on_launch = false [90m-> null[0m[0m
      [31m-[0m[0m id                                             = "subnet-0e3610095698903e8" [90m-> null[0m[0m
      [31m-[0m[0m ipv6_native                                    = false [90m-> null[0m[0m
      [31m-[0m[0m map_customer_owned_ip_on_launch                = false [90m-> null[0m[0m
      [31m-[0m[0m map_public_ip_on_launch                        = false [90m-> null[0m[0m
      [31m-[0m[0m owner_id                                       = "251876202726" [90m-> null[0m[0m
      [31m-[0m[0m private_dns_hostname_type_on_launch            = "ip-name" [90m-> null[0m[0m
      [31m-[0m[0m tags                                           = {
          [31m-[0m[0m "Environment" = "dev"
          [31m-[0m[0m "ManagedBy"   = "terraform"
          [31m-[0m[0m "Name"        = "mri-dev-private-1"
          [31m-[0m[0m "Owner"       = "edwardjsi"
          [31m-[0m[0m "Project"     = "mri"
        } [90m-> null[0m[0m
      [31m-[0m[0m tags_all                                       = {
          [31m-[0m[0m "Environment" = "dev"
          [31m-[0m[0m "ManagedBy"   = "terraform"
          [31m-[0m[0m "Name"        = "mri-dev-private-1"
          [31m-[0m[0m "Owner"       = "edwardjsi"
          [31m-[0m[0m "Project"     = "mri"
        } [90m-> null[0m[0m
      [31m-[0m[0m vpc_id                                         = "vpc-00fe799c6d993f6a3" [90m-> null[0m[0m
        [90m# (4 unchanged attributes hidden)[0m[0m
    }

[1m  # module.vpc.aws_subnet.private[1][0m will be [1m[31mdestroyed[0m
[0m  [31m-[0m[0m resource "aws_subnet" "private" {
      [31m-[0m[0m arn                                            = "arn:aws:ec2:ap-south-1:251876202726:subnet/subnet-075875cad1bd04dae" [90m-> null[0m[0m
      [31m-[0m[0m assign_ipv6_address_on_creation                = false [90m-> null[0m[0m
      [31m-[0m[0m availability_zone                              = "ap-south-1b" [90m-> null[0m[0m
      [31m-[0m[0m availability_zone_id                           = "aps1-az3" [90m-> null[0m[0m
      [31m-[0m[0m cidr_block                                     = "10.0.11.0/24" [90m-> null[0m[0m
      [31m-[0m[0m enable_dns64                                   = false [90m-> null[0m[0m
      [31m-[0m[0m enable_lni_at_device_index                     = 0 [90m-> null[0m[0m
      [31m-[0m[0m enable_resource_name_dns_a_record_on_launch    = false [90m-> null[0m[0m
      [31m-[0m[0m enable_resource_name_dns_aaaa_record_on_launch = false [90m-> null[0m[0m
      [31m-[0m[0m id                                             = "subnet-075875cad1bd04dae" [90m-> null[0m[0m
      [31m-[0m[0m ipv6_native                                    = false [90m-> null[0m[0m
      [31m-[0m[0m map_customer_owned_ip_on_launch                = false [90m-> null[0m[0m
      [31m-[0m[0m map_public_ip_on_launch                        = false [90m-> null[0m[0m
      [31m-[0m[0m owner_id                                       = "251876202726" [90m-> null[0m[0m
      [31m-[0m[0m private_dns_hostname_type_on_launch            = "ip-name" [90m-> null[0m[0m
      [31m-[0m[0m tags                                           = {
          [31m-[0m[0m "Environment" = "dev"
          [31m-[0m[0m "ManagedBy"   = "terraform"
          [31m-[0m[0m "Name"        = "mri-dev-private-2"
          [31m-[0m[0m "Owner"       = "edwardjsi"
          [31m-[0m[0m "Project"     = "mri"
        } [90m-> null[0m[0m
      [31m-[0m[0m tags_all                                       = {
          [31m-[0m[0m "Environment" = "dev"
          [31m-[0m[0m "ManagedBy"   = "terraform"
          [31m-[0m[0m "Name"        = "mri-dev-private-2"
          [31m-[0m[0m "Owner"       = "edwardjsi"
          [31m-[0m[0m "Project"     = "mri"
        } [90m-> null[0m[0m
      [31m-[0m[0m vpc_id                                         = "vpc-00fe799c6d993f6a3" [90m-> null[0m[0m
        [90m# (4 unchanged attributes hidden)[0m[0m
    }

[1m  # module.vpc.aws_subnet.public[0][0m will be [1m[31mdestroyed[0m
[0m  [31m-[0m[0m resource "aws_subnet" "public" {
      [31m-[0m[0m arn                                            = "arn:aws:ec2:ap-south-1:251876202726:subnet/subnet-0b25d886295b2c171" [90m-> null[0m[0m
      [31m-[0m[0m assign_ipv6_address_on_creation                = false [90m-> null[0m[0m
      [31m-[0m[0m availability_zone                              = "ap-south-1a" [90m-> null[0m[0m
      [31m-[0m[0m availability_zone_id                           = "aps1-az1" [90m-> null[0m[0m
      [31m-[0m[0m cidr_block                                     = "10.0.0.0/24" [90m-> null[0m[0m
      [31m-[0m[0m enable_dns64                                   = false [90m-> null[0m[0m
      [31m-[0m[0m enable_lni_at_device_index                     = 0 [90m-> null[0m[0m
      [31m-[0m[0m enable_resource_name_dns_a_record_on_launch    = false [90m-> null[0m[0m
      [31m-[0m[0m enable_resource_name_dns_aaaa_record_on_launch = false [90m-> null[0m[0m
      [31m-[0m[0m id                                             = "subnet-0b25d886295b2c171" [90m-> null[0m[0m
      [31m-[0m[0m ipv6_native                                    = false [90m-> null[0m[0m
      [31m-[0m[0m map_customer_owned_ip_on_launch                = false [90m-> null[0m[0m
      [31m-[0m[0m map_public_ip_on_launch                        = true [90m-> null[0m[0m
      [31m-[0m[0m owner_id                                       = "251876202726" [90m-> null[0m[0m
      [31m-[0m[0m private_dns_hostname_type_on_launch            = "ip-name" [90m-> null[0m[0m
      [31m-[0m[0m tags                                           = {
          [31m-[0m[0m "Environment" = "dev"
          [31m-[0m[0m "ManagedBy"   = "terraform"
          [31m-[0m[0m "Name"        = "mri-dev-public-1"
          [31m-[0m[0m "Owner"       = "edwardjsi"
          [31m-[0m[0m "Project"     = "mri"
        } [90m-> null[0m[0m
      [31m-[0m[0m tags_all                                       = {
          [31m-[0m[0m "Environment" = "dev"
          [31m-[0m[0m "ManagedBy"   = "terraform"
          [31m-[0m[0m "Name"        = "mri-dev-public-1"
          [31m-[0m[0m "Owner"       = "edwardjsi"
          [31m-[0m[0m "Project"     = "mri"
        } [90m-> null[0m[0m
      [31m-[0m[0m vpc_id                                         = "vpc-00fe799c6d993f6a3" [90m-> null[0m[0m
        [90m# (4 unchanged attributes hidden)[0m[0m
    }

[1m  # module.vpc.aws_subnet.public[1][0m will be [1m[31mdestroyed[0m
[0m  [31m-[0m[0m resource "aws_subnet" "public" {
      [31m-[0m[0m arn                                            = "arn:aws:ec2:ap-south-1:251876202726:subnet/subnet-01d402a479d5fc968" [90m-> null[0m[0m
      [31m-[0m[0m assign_ipv6_address_on_creation                = false [90m-> null[0m[0m
      [31m-[0m[0m availability_zone                              = "ap-south-1b" [90m-> null[0m[0m
      [31m-[0m[0m availability_zone_id                           = "aps1-az3" [90m-> null[0m[0m
      [31m-[0m[0m cidr_block                                     = "10.0.1.0/24" [90m-> null[0m[0m
      [31m-[0m[0m enable_dns64                                   = false [90m-> null[0m[0m
      [31m-[0m[0m enable_lni_at_device_index                     = 0 [90m-> null[0m[0m
      [31m-[0m[0m enable_resource_name_dns_a_record_on_launch    = false [90m-> null[0m[0m
      [31m-[0m[0m enable_resource_name_dns_aaaa_record_on_launch = false [90m-> null[0m[0m
      [31m-[0m[0m id                                             = "subnet-01d402a479d5fc968" [90m-> null[0m[0m
      [31m-[0m[0m ipv6_native                                    = false [90m-> null[0m[0m
      [31m-[0m[0m map_customer_owned_ip_on_launch                = false [90m-> null[0m[0m
      [31m-[0m[0m map_public_ip_on_launch                        = true [90m-> null[0m[0m
      [31m-[0m[0m owner_id                                       = "251876202726" [90m-> null[0m[0m
      [31m-[0m[0m private_dns_hostname_type_on_launch            = "ip-name" [90m-> null[0m[0m
      [31m-[0m[0m tags                                           = {
          [31m-[0m[0m "Environment" = "dev"
          [31m-[0m[0m "ManagedBy"   = "terraform"
          [31m-[0m[0m "Name"        = "mri-dev-public-2"
          [31m-[0m[0m "Owner"       = "edwardjsi"
          [31m-[0m[0m "Project"     = "mri"
        } [90m-> null[0m[0m
      [31m-[0m[0m tags_all                                       = {
          [31m-[0m[0m "Environment" = "dev"
          [31m-[0m[0m "ManagedBy"   = "terraform"
          [31m-[0m[0m "Name"        = "mri-dev-public-2"
          [31m-[0m[0m "Owner"       = "edwardjsi"
          [31m-[0m[0m "Project"     = "mri"
        } [90m-> null[0m[0m
      [31m-[0m[0m vpc_id                                         = "vpc-00fe799c6d993f6a3" [90m-> null[0m[0m
        [90m# (4 unchanged attributes hidden)[0m[0m
    }

[1m  # module.vpc.aws_vpc.main[0m will be [1m[31mdestroyed[0m
[0m  [31m-[0m[0m resource "aws_vpc" "main" {
      [31m-[0m[0m arn                                  = "arn:aws:ec2:ap-south-1:251876202726:vpc/vpc-00fe799c6d993f6a3" [90m-> null[0m[0m
      [31m-[0m[0m assign_generated_ipv6_cidr_block     = false [90m-> null[0m[0m
      [31m-[0m[0m cidr_block                           = "10.0.0.0/16" [90m-> null[0m[0m
      [31m-[0m[0m default_network_acl_id               = "acl-0ca0290c5f9673c47" [90m-> null[0m[0m
      [31m-[0m[0m default_route_table_id               = "rtb-0bb0fee7ae836b801" [90m-> null[0m[0m
      [31m-[0m[0m default_security_group_id            = "sg-0b2054c2b7460d24d" [90m-> null[0m[0m
      [31m-[0m[0m dhcp_options_id                      = "dopt-0b1839be3de40ee3f" [90m-> null[0m[0m
      [31m-[0m[0m enable_dns_hostnames                 = true [90m-> null[0m[0m
      [31m-[0m[0m enable_dns_support                   = true [90m-> null[0m[0m
      [31m-[0m[0m enable_network_address_usage_metrics = false [90m-> null[0m[0m
      [31m-[0m[0m id                                   = "vpc-00fe799c6d993f6a3" [90m-> null[0m[0m
      [31m-[0m[0m instance_tenancy                     = "default" [90m-> null[0m[0m
      [31m-[0m[0m ipv6_netmask_length                  = 0 [90m-> null[0m[0m
      [31m-[0m[0m main_route_table_id                  = "rtb-0bb0fee7ae836b801" [90m-> null[0m[0m
      [31m-[0m[0m owner_id                             = "251876202726" [90m-> null[0m[0m
      [31m-[0m[0m tags                                 = {
          [31m-[0m[0m "Environment" = "dev"
          [31m-[0m[0m "ManagedBy"   = "terraform"
          [31m-[0m[0m "Name"        = "mri-dev-vpc"
          [31m-[0m[0m "Owner"       = "edwardjsi"
          [31m-[0m[0m "Project"     = "mri"
        } [90m-> null[0m[0m
      [31m-[0m[0m tags_all                             = {
          [31m-[0m[0m "Environment" = "dev"
          [31m-[0m[0m "ManagedBy"   = "terraform"
          [31m-[0m[0m "Name"        = "mri-dev-vpc"
          [31m-[0m[0m "Owner"       = "edwardjsi"
          [31m-[0m[0m "Project"     = "mri"
        } [90m-> null[0m[0m
        [90m# (4 unchanged attributes hidden)[0m[0m
    }

[1mPlan:[0m [0m0 to add, 0 to change, 36 to destroy.

Changes to Outputs:
  [31m-[0m[0m bastion_id                 = "i-07fdabe814c478766" [90m-> null[0m[0m
  [31m-[0m[0m cloudfront_distribution_id = "E3C32LHJDK5NA4" [90m-> null[0m[0m
  [31m-[0m[0m cloudfront_domain          = "d25tdygicgbojg.cloudfront.net" [90m-> null[0m[0m
  [31m-[0m[0m db_secret_arn              = "arn:aws:secretsmanager:ap-south-1:251876202726:secret:mri-dev-db-credentials-2MQMFS" [90m-> null[0m[0m
  [31m-[0m[0m frontend_bucket_name       = "mri-dev-frontend-251876202726" [90m-> null[0m[0m
  [31m-[0m[0m iam_execution_role_arn     = "arn:aws:iam::251876202726:role/mri-dev-ecs-execution-role" [90m-> null[0m[0m
  [31m-[0m[0m iam_task_role_arn          = "arn:aws:iam::251876202726:role/mri-dev-ecs-task-role" [90m-> null[0m[0m
  [31m-[0m[0m rds_endpoint               = "mri-dev-db.c9a44u2kqcf8.ap-south-1.rds.amazonaws.com" [90m-> null[0m[0m
  [31m-[0m[0m s3_bucket_name             = "mri-dev-outputs-251876202726" [90m-> null[0m[0m
  [31m-[0m[0m vpc_id                     = "vpc-00fe799c6d993f6a3" [90m-> null[0m[0m
[0m[1mmodule.iam.aws_iam_role_policy.ecs_task_cloudwatch: Destroying... [id=mri-dev-ecs-task-role:mri-dev-cloudwatch-policy][0m[0m
[0m[1mmodule.frontend.aws_s3_bucket_public_access_block.frontend: Destroying... [id=mri-dev-frontend-251876202726][0m[0m
[0m[1mmodule.vpc.aws_route_table_association.public[0]: Destroying... [id=rtbassoc-03faf031e6b3d622b][0m[0m
[0m[1mmodule.vpc.aws_iam_role_policy_attachment.bastion_ssm: Destroying... [id=mri-dev-bastion-ssm-role-20260309125400904100000003][0m[0m
[0m[1mmodule.iam.aws_iam_role_policy.ecs_task_ses: Destroying... [id=mri-dev-ecs-task-role:mri-dev-ses-policy][0m[0m
[0m[1mmodule.iam.aws_iam_role_policy_attachment.ecs_execution: Destroying... [id=mri-dev-ecs-execution-role-20260309125400532900000002][0m[0m
[0m[1mmodule.vpc.aws_security_group.rds: Destroying... [id=sg-0f48da95ecf299941][0m[0m
[0m[1mmodule.iam.aws_iam_role_policy.ecs_task_secrets: Destroying... [id=mri-dev-ecs-task-role:mri-dev-secrets-policy][0m[0m
[0m[1mmodule.vpc.aws_route_table_association.private[1]: Destroying... [id=rtbassoc-03e79901029a3bd01][0m[0m
[0m[1mmodule.s3.aws_s3_bucket_server_side_encryption_configuration.outputs: Destroying... [id=mri-dev-outputs-251876202726][0m[0m
[0m[1mmodule.s3.aws_s3_bucket_server_side_encryption_configuration.outputs: Destruction complete after 0s[0m
[0m[1mmodule.frontend.aws_s3_bucket_policy.frontend: Destroying... [id=mri-dev-frontend-251876202726][0m[0m
[0m[1mmodule.frontend.aws_s3_bucket_public_access_block.frontend: Destruction complete after 0s[0m
[0m[1mmodule.vpc.aws_route_table_association.private[0]: Destroying... [id=rtbassoc-02561bf889391df22][0m[0m
[0m[1mmodule.vpc.aws_route_table_association.private[1]: Destruction complete after 0s[0m
[0m[1mmodule.vpc.aws_route_table_association.public[0]: Destruction complete after 0s[0m
[0m[1mmodule.s3.aws_s3_bucket_versioning.outputs: Destroying... [id=mri-dev-outputs-251876202726][0m[0m
[0m[1mmodule.iam.aws_iam_role_policy.ecs_task_s3: Destroying... [id=mri-dev-ecs-task-role:mri-dev-s3-policy][0m[0m
[0m[1mmodule.vpc.aws_route_table_association.public[1]: Destroying... [id=rtbassoc-05a51c99d9ee1e61d][0m[0m
[0m[1mmodule.vpc.aws_route_table_association.private[0]: Destruction complete after 1s[0m
[0m[1mmodule.s3.aws_s3_bucket_public_access_block.outputs: Destroying... [id=mri-dev-outputs-251876202726][0m[0m
[0m[1mmodule.frontend.aws_s3_bucket_policy.frontend: Destruction complete after 1s[0m
[0m[1mmodule.iam.aws_iam_role_policy.execution_secrets: Destroying... [id=mri-dev-ecs-execution-role:mri-dev-execution-secrets-policy][0m[0m
[0m[1mmodule.s3.aws_s3_bucket_versioning.outputs: Destruction complete after 1s[0m
[0m[1mmodule.vpc.aws_route_table_association.public[1]: Destruction complete after 1s[0m
[0m[1mmodule.iam.aws_iam_role_policy.ecs_task_ses: Destruction complete after 1s[0m
[0m[1mmodule.iam.aws_iam_role_policy.ecs_task_cloudwatch: Destruction complete after 1s[0m
[0m[1mmodule.vpc.aws_subnet.private[1]: Destroying... [id=subnet-075875cad1bd04dae][0m[0m
[0m[1mmodule.vpc.aws_instance.bastion: Destroying... [id=i-07fdabe814c478766][0m[0m
[0m[1mmodule.iam.aws_iam_role_policy_attachment.ecs_execution: Destruction complete after 1s[0m
[0m[1mmodule.vpc.aws_subnet.private[0]: Destroying... [id=subnet-0e3610095698903e8][0m[0m
[0m[1mmodule.vpc.aws_route_table.private: Destroying... [id=rtb-0e56c70842b84e77b][0m[0m
[0m[1mmodule.frontend.aws_cloudfront_distribution.frontend: Destroying... [id=E3C32LHJDK5NA4][0m[0m
[0m[1mmodule.iam.aws_iam_role_policy.ecs_task_secrets: Destruction complete after 1s[0m
[0m[1mmodule.vpc.aws_route_table.public: Destroying... [id=rtb-02ba9e1891754b832][0m[0m
[0m[1mmodule.vpc.aws_iam_role_policy_attachment.bastion_ssm: Destruction complete after 1s[0m
[0m[1mmodule.s3.aws_s3_bucket_public_access_block.outputs: Destruction complete after 0s[0m
[0m[1mmodule.iam.aws_iam_role_policy.ecs_task_s3: Destruction complete after 1s[0m
[0m[1mmodule.s3.aws_s3_bucket.outputs: Destroying... [id=mri-dev-outputs-251876202726][0m[0m
[0m[1mmodule.iam.aws_iam_role.ecs_task: Destroying... [id=mri-dev-ecs-task-role][0m[0m
[0m[1mmodule.vpc.aws_subnet.private[1]: Destruction complete after 0s[0m
[0m[1mmodule.iam.aws_iam_role_policy.execution_secrets: Destruction complete after 0s[0m
[0m[1mmodule.iam.aws_iam_role.ecs_task_execution: Destroying... [id=mri-dev-ecs-execution-role][0m[0m
[0m[1mmodule.vpc.aws_route_table.private: Destruction complete after 1s[0m
[0m[1mmodule.vpc.aws_route_table.public: Destruction complete after 1s[0m
[0m[1mmodule.vpc.aws_internet_gateway.main: Destroying... [id=igw-06e7788c4fafba710][0m[0m
[0m[1mmodule.s3.aws_s3_bucket.outputs: Destruction complete after 1s[0m
[0m[1mmodule.iam.aws_iam_role.ecs_task: Destruction complete after 1s[0m
[0m[1mmodule.iam.aws_iam_role.ecs_task_execution: Destruction complete after 2s[0m
[0m[1mmodule.vpc.aws_instance.bastion: Still destroying... [id=i-07fdabe814c478766, 00m10s elapsed][0m[0m
[0m[1mmodule.frontend.aws_cloudfront_distribution.frontend: Still destroying... [id=E3C32LHJDK5NA4, 00m10s elapsed][0m[0m
[0m[1mmodule.vpc.aws_internet_gateway.main: Still destroying... [id=igw-06e7788c4fafba710, 00m10s elapsed][0m[0m
[0m[1mmodule.vpc.aws_instance.bastion: Still destroying... [id=i-07fdabe814c478766, 00m21s elapsed][0m[0m
[0m[1mmodule.frontend.aws_cloudfront_distribution.frontend: Still destroying... [id=E3C32LHJDK5NA4, 00m22s elapsed][0m[0m
[0m[1mmodule.vpc.aws_internet_gateway.main: Still destroying... [id=igw-06e7788c4fafba710, 00m21s elapsed][0m[0m
[0m[1mmodule.vpc.aws_instance.bastion: Still destroying... [id=i-07fdabe814c478766, 00m31s elapsed][0m[0m
[0m[1mmodule.frontend.aws_cloudfront_distribution.frontend: Still destroying... [id=E3C32LHJDK5NA4, 00m32s elapsed][0m[0m
[0m[1mmodule.vpc.aws_internet_gateway.main: Still destroying... [id=igw-06e7788c4fafba710, 00m31s elapsed][0m[0m
[0m[1mmodule.vpc.aws_instance.bastion: Still destroying... [id=i-07fdabe814c478766, 00m41s elapsed][0m[0m
[0m[1mmodule.frontend.aws_cloudfront_distribution.frontend: Still destroying... [id=E3C32LHJDK5NA4, 00m42s elapsed][0m[0m
[0m[1mmodule.vpc.aws_internet_gateway.main: Still destroying... [id=igw-06e7788c4fafba710, 00m41s elapsed][0m[0m
[0m[1mmodule.vpc.aws_internet_gateway.main: Destruction complete after 50s[0m
[0m[1mmodule.vpc.aws_instance.bastion: Still destroying... [id=i-07fdabe814c478766, 00m51s elapsed][0m[0m
[0m[1mmodule.frontend.aws_cloudfront_distribution.frontend: Still destroying... [id=E3C32LHJDK5NA4, 00m52s elapsed][0m[0m
[0m[1mmodule.vpc.aws_instance.bastion: Destruction complete after 56s[0m
[0m[1mmodule.vpc.aws_iam_instance_profile.bastion: Destroying... [id=mri-dev-bastion-profile][0m[0m
[0m[1mmodule.vpc.aws_iam_instance_profile.bastion: Destruction complete after 0s[0m
[0m[1mmodule.vpc.aws_iam_role.bastion_ssm: Destroying... [id=mri-dev-bastion-ssm-role][0m[0m
[0m[1mmodule.vpc.aws_iam_role.bastion_ssm: Destruction complete after 1s[0m
[0m[1mmodule.frontend.aws_cloudfront_distribution.frontend: Still destroying... [id=E3C32LHJDK5NA4, 01m03s elapsed][0m[0m
[0m[1mmodule.frontend.aws_cloudfront_distribution.frontend: Still destroying... [id=E3C32LHJDK5NA4, 01m13s elapsed][0m[0m
[0m[1mmodule.frontend.aws_cloudfront_distribution.frontend: Still destroying... [id=E3C32LHJDK5NA4, 01m23s elapsed][0m[0m
[0m[1mmodule.frontend.aws_cloudfront_distribution.frontend: Still destroying... [id=E3C32LHJDK5NA4, 01m33s elapsed][0m[0m
[0m[1mmodule.frontend.aws_cloudfront_distribution.frontend: Still destroying... [id=E3C32LHJDK5NA4, 01m45s elapsed][0m[0m
[0m[1mmodule.frontend.aws_cloudfront_distribution.frontend: Still destroying... [id=E3C32LHJDK5NA4, 01m55s elapsed][0m[0m
[0m[1mmodule.frontend.aws_cloudfront_distribution.frontend: Still destroying... [id=E3C32LHJDK5NA4, 02m05s elapsed][0m[0m
[0m[1mmodule.frontend.aws_cloudfront_distribution.frontend: Still destroying... [id=E3C32LHJDK5NA4, 02m15s elapsed][0m[0m
[0m[1mmodule.frontend.aws_cloudfront_distribution.frontend: Still destroying... [id=E3C32LHJDK5NA4, 02m27s elapsed][0m[0m
[0m[1mmodule.frontend.aws_cloudfront_distribution.frontend: Still destroying... [id=E3C32LHJDK5NA4, 02m37s elapsed][0m[0m
[0m[1mmodule.frontend.aws_cloudfront_distribution.frontend: Still destroying... [id=E3C32LHJDK5NA4, 02m47s elapsed][0m[0m
[0m[1mmodule.frontend.aws_cloudfront_distribution.frontend: Still destroying... [id=E3C32LHJDK5NA4, 02m59s elapsed][0m[0m
[0m[1mmodule.frontend.aws_cloudfront_distribution.frontend: Still destroying... [id=E3C32LHJDK5NA4, 03m09s elapsed][0m[0m
[0m[1mmodule.frontend.aws_cloudfront_distribution.frontend: Destruction complete after 3m18s[0m
[0m[1mmodule.frontend.aws_cloudfront_origin_access_control.frontend: Destroying... [id=EJ4T8A0QJK54X][0m[0m
[0m[1mmodule.vpc.aws_subnet.public[0]: Destroying... [id=subnet-0b25d886295b2c171][0m[0m
[0m[1mmodule.frontend.aws_s3_bucket.frontend: Destroying... [id=mri-dev-frontend-251876202726][0m[0m
[0m[1mmodule.vpc.aws_subnet.public[1]: Destroying... [id=subnet-01d402a479d5fc968][0m[0m
[0m[1mmodule.frontend.aws_cloudfront_origin_access_control.frontend: Destruction complete after 0s[0m
[0m[1mmodule.vpc.aws_subnet.public[0]: Destruction complete after 0s[0m
[0m[1mmodule.frontend.aws_s3_bucket.frontend: Destruction complete after 1s[0m
[0m[1mmodule.vpc.aws_subnet.public[1]: Destruction complete after 1s[0m
[33m╷[0m[0m
[33m│[0m [0m[1m[33mWarning: [0m[0m[1mRedundant ignore_changes element[0m
[33m│[0m [0m
[33m│[0m [0m[0m  on ../../modules/rds/main.tf line 1, in resource "random_password" "db":
[33m│[0m [0m   1: resource [4m"random_password"[0m "db" {[0m
[33m│[0m [0m
[33m│[0m [0mAdding an attribute name to ignore_changes tells Terraform to ignore future
[33m│[0m [0mchanges to the argument in configuration after the object has been created,
[33m│[0m [0mretaining the value originally configured.
[33m│[0m [0m
[33m│[0m [0mThe attribute result is decided by the provider alone and therefore there
[33m│[0m [0mcan be no configured value to compare with. Including this attribute in
[33m│[0m [0mignore_changes has no effect. Remove the attribute from ignore_changes to
[33m│[0m [0mquiet this warning.
[33m╵[0m[0m
[31m╷[0m[0m
[31m│[0m [0m[1m[31mError: [0m[0m[1mdeleting ENIs for EC2 Subnet (subnet-0e3610095698903e8): 1 error occurred:
[31m│[0m [0m	* detaching RDS ENI (eni-0c07c4884d517a8b1): detaching EC2 Network Interface (eni-0c07c4884d517a8b1/eni-attach-0e85c3f1cefa6ccd9): operation error EC2: DetachNetworkInterface, https response error StatusCode: 400, RequestID: bdab7d0d-25ed-4fb3-a2f1-d6cf9f19dc72, api error AuthFailure: You do not have permission to access the specified resource.
[31m│[0m [0m
[31m│[0m [0m[0m
[31m│[0m [0m
[31m│[0m [0m[0m
[31m╵[0m[0m
[31m╷[0m[0m
[31m│[0m [0m[1m[31mError: [0m[0m[1mdeleting ENIs using Security Group (sg-0f48da95ecf299941): 1 error occurred:
[31m│[0m [0m	* detaching RDS ENI (eni-0c07c4884d517a8b1): detaching EC2 Network Interface (eni-0c07c4884d517a8b1/eni-attach-0e85c3f1cefa6ccd9): operation error EC2: DetachNetworkInterface, https response error StatusCode: 400, RequestID: bc783c5e-75a8-4bb9-b53d-f710b71939ad, api error AuthFailure: You do not have permission to access the specified resource.
[31m│[0m [0m
[31m│[0m [0m[0m
[31m│[0m [0m
[31m│[0m [0m[0m
[31m╵[0m[0m
